2017-10-24 17:38:31 [scrapy.utils.log] INFO: Scrapy 1.4.0 started (bot: meitulu)
2017-10-24 17:38:31 [scrapy.utils.log] INFO: Overridden settings: {'BOT_NAME': 'meitulu', 'CONCURRENT_REQUESTS': 64, 'COOKIES_ENABLED': False, 'LOG_FILE': 'meitu.log', 'NEWSPIDER_MODULE': 'meitulu.spiders', 'SCHEDULER': 'scrapy_redis.scheduler.Scheduler', 'SPIDER_MODULES': ['meitulu.spiders']}
2017-10-24 17:38:31 [scrapy.middleware] INFO: Enabled extensions:
['scrapy.extensions.corestats.CoreStats',
 'scrapy.extensions.telnet.TelnetConsole',
 'scrapy.extensions.memusage.MemoryUsage',
 'scrapy.extensions.logstats.LogStats']
2017-10-24 17:38:31 [scrapy.middleware] INFO: Enabled downloader middlewares:
['scrapy.downloadermiddlewares.httpauth.HttpAuthMiddleware',
 'scrapy.downloadermiddlewares.downloadtimeout.DownloadTimeoutMiddleware',
 'scrapy.downloadermiddlewares.defaultheaders.DefaultHeadersMiddleware',
 'scrapy.downloadermiddlewares.useragent.UserAgentMiddleware',
 'scrapy.downloadermiddlewares.retry.RetryMiddleware',
 'scrapy.downloadermiddlewares.redirect.MetaRefreshMiddleware',
 'scrapy.downloadermiddlewares.httpcompression.HttpCompressionMiddleware',
 'scrapy.downloadermiddlewares.redirect.RedirectMiddleware',
 'scrapy.downloadermiddlewares.httpproxy.HttpProxyMiddleware',
 'scrapy.downloadermiddlewares.stats.DownloaderStats']
2017-10-24 17:38:31 [scrapy.middleware] INFO: Enabled spider middlewares:
['scrapy.spidermiddlewares.httperror.HttpErrorMiddleware',
 'scrapy.spidermiddlewares.offsite.OffsiteMiddleware',
 'scrapy.spidermiddlewares.referer.RefererMiddleware',
 'scrapy.spidermiddlewares.urllength.UrlLengthMiddleware',
 'scrapy.spidermiddlewares.depth.DepthMiddleware']
2017-10-24 17:38:31 [scrapy.middleware] INFO: Enabled item pipelines:
['meitulu.pipelines.MeituluPipeline']
2017-10-24 17:38:31 [scrapy.core.engine] INFO: Spider opened
2017-10-24 17:38:31 [scrapy.core.engine] INFO: Closing spider (shutdown)
2017-10-24 17:38:31 [scrapy.core.engine] ERROR: Scraper close failure
Traceback (most recent call last):
  File "/Users/fahai/.pyenv/versions/3.6.3/envs/p3.6.3/lib/python3.6/site-packages/scrapy_redis/scheduler.py", line 141, in open
    debug=spider.settings.getbool('DUPEFILTER_DEBUG'),
TypeError: __init__() got an unexpected keyword argument 'server'

During handling of the above exception, another exception occurred:

Traceback (most recent call last):
  File "/Users/fahai/.pyenv/versions/3.6.3/envs/p3.6.3/lib/python3.6/site-packages/scrapy/crawler.py", line 79, in crawl
    yield self.engine.open_spider(self.spider, start_requests)
ValueError: ("Failed to instantiate dupefilter class '%s': %s", 'scrapy.dupefilters.RFPDupeFilter', TypeError("__init__() got an unexpected keyword argument 'server'",))

During handling of the above exception, another exception occurred:

Traceback (most recent call last):
  File "/Users/fahai/.pyenv/versions/3.6.3/envs/p3.6.3/lib/python3.6/site-packages/twisted/internet/defer.py", line 653, in _runCallbacks
    current.result = callback(current.result, *args, **kw)
  File "/Users/fahai/.pyenv/versions/3.6.3/envs/p3.6.3/lib/python3.6/site-packages/scrapy/core/engine.py", line 311, in <lambda>
    dfd.addBoth(lambda _: self.scraper.close_spider(spider))
  File "/Users/fahai/.pyenv/versions/3.6.3/envs/p3.6.3/lib/python3.6/site-packages/scrapy/core/scraper.py", line 86, in close_spider
    slot.closing = defer.Deferred()
AttributeError: 'NoneType' object has no attribute 'closing'
2017-10-24 17:38:31 [scrapy.statscollectors] INFO: Dumping Scrapy stats:
{'finish_reason': 'shutdown',
 'finish_time': datetime.datetime(2017, 10, 24, 9, 38, 31, 310534),
 'log_count/ERROR': 1,
 'log_count/INFO': 6}
2017-10-24 17:38:31 [scrapy.core.engine] INFO: Spider closed (shutdown)
2017-10-24 17:38:31 [twisted] CRITICAL: Unhandled error in Deferred:
2017-10-24 17:38:31 [twisted] CRITICAL: 
Traceback (most recent call last):
  File "/Users/fahai/.pyenv/versions/3.6.3/envs/p3.6.3/lib/python3.6/site-packages/scrapy_redis/scheduler.py", line 141, in open
    debug=spider.settings.getbool('DUPEFILTER_DEBUG'),
TypeError: __init__() got an unexpected keyword argument 'server'

During handling of the above exception, another exception occurred:

Traceback (most recent call last):
  File "/Users/fahai/.pyenv/versions/3.6.3/envs/p3.6.3/lib/python3.6/site-packages/twisted/internet/defer.py", line 1386, in _inlineCallbacks
    result = g.send(result)
  File "/Users/fahai/.pyenv/versions/3.6.3/envs/p3.6.3/lib/python3.6/site-packages/scrapy/crawler.py", line 79, in crawl
    yield self.engine.open_spider(self.spider, start_requests)
ValueError: ("Failed to instantiate dupefilter class '%s': %s", 'scrapy.dupefilters.RFPDupeFilter', TypeError("__init__() got an unexpected keyword argument 'server'",))
2017-10-24 17:42:02 [scrapy.utils.log] INFO: Scrapy 1.4.0 started (bot: meitulu)
2017-10-24 17:42:02 [scrapy.utils.log] INFO: Overridden settings: {'BOT_NAME': 'meitulu', 'CONCURRENT_REQUESTS': 64, 'COOKIES_ENABLED': False, 'DUPEFILTER_CLASS': 'scrapy_redis.dupefilters.RFPDupeFilter', 'LOG_FILE': 'meitu.log', 'NEWSPIDER_MODULE': 'meitulu.spiders', 'SCHEDULER': 'scrapy_redis.scheduler.Scheduler', 'SPIDER_MODULES': ['meitulu.spiders']}
2017-10-24 17:42:02 [scrapy.middleware] INFO: Enabled extensions:
['scrapy.extensions.corestats.CoreStats',
 'scrapy.extensions.telnet.TelnetConsole',
 'scrapy.extensions.memusage.MemoryUsage',
 'scrapy.extensions.logstats.LogStats']
2017-10-24 17:42:02 [scrapy.middleware] INFO: Enabled downloader middlewares:
['scrapy.downloadermiddlewares.httpauth.HttpAuthMiddleware',
 'scrapy.downloadermiddlewares.downloadtimeout.DownloadTimeoutMiddleware',
 'scrapy.downloadermiddlewares.defaultheaders.DefaultHeadersMiddleware',
 'scrapy.downloadermiddlewares.useragent.UserAgentMiddleware',
 'scrapy.downloadermiddlewares.retry.RetryMiddleware',
 'scrapy.downloadermiddlewares.redirect.MetaRefreshMiddleware',
 'scrapy.downloadermiddlewares.httpcompression.HttpCompressionMiddleware',
 'scrapy.downloadermiddlewares.redirect.RedirectMiddleware',
 'scrapy.downloadermiddlewares.httpproxy.HttpProxyMiddleware',
 'scrapy.downloadermiddlewares.stats.DownloaderStats']
2017-10-24 17:42:02 [scrapy.middleware] INFO: Enabled spider middlewares:
['scrapy.spidermiddlewares.httperror.HttpErrorMiddleware',
 'scrapy.spidermiddlewares.offsite.OffsiteMiddleware',
 'scrapy.spidermiddlewares.referer.RefererMiddleware',
 'scrapy.spidermiddlewares.urllength.UrlLengthMiddleware',
 'scrapy.spidermiddlewares.depth.DepthMiddleware']
2017-10-24 17:42:02 [scrapy.middleware] INFO: Enabled item pipelines:
['meitulu.pipelines.MeituluPipeline']
2017-10-24 17:42:02 [scrapy.core.engine] INFO: Spider opened
2017-10-24 17:42:02 [scrapy.core.engine] INFO: Closing spider (shutdown)
2017-10-24 17:42:02 [scrapy.core.engine] ERROR: Scraper close failure
Traceback (most recent call last):
  File "/Users/fahai/.pyenv/versions/3.6.3/envs/p3.6.3/lib/python3.6/site-packages/scrapy/crawler.py", line 79, in crawl
    yield self.engine.open_spider(self.spider, start_requests)
ModuleNotFoundError: No module named 'scrapy_redis.dupefilters'

During handling of the above exception, another exception occurred:

Traceback (most recent call last):
  File "/Users/fahai/.pyenv/versions/3.6.3/envs/p3.6.3/lib/python3.6/site-packages/twisted/internet/defer.py", line 653, in _runCallbacks
    current.result = callback(current.result, *args, **kw)
  File "/Users/fahai/.pyenv/versions/3.6.3/envs/p3.6.3/lib/python3.6/site-packages/scrapy/core/engine.py", line 311, in <lambda>
    dfd.addBoth(lambda _: self.scraper.close_spider(spider))
  File "/Users/fahai/.pyenv/versions/3.6.3/envs/p3.6.3/lib/python3.6/site-packages/scrapy/core/scraper.py", line 86, in close_spider
    slot.closing = defer.Deferred()
AttributeError: 'NoneType' object has no attribute 'closing'
2017-10-24 17:42:02 [scrapy.statscollectors] INFO: Dumping Scrapy stats:
{'finish_reason': 'shutdown',
 'finish_time': datetime.datetime(2017, 10, 24, 9, 42, 2, 875117),
 'log_count/ERROR': 1,
 'log_count/INFO': 6}
2017-10-24 17:42:02 [scrapy.core.engine] INFO: Spider closed (shutdown)
2017-10-24 17:42:02 [twisted] CRITICAL: Unhandled error in Deferred:
2017-10-24 17:42:02 [twisted] CRITICAL: 
Traceback (most recent call last):
  File "/Users/fahai/.pyenv/versions/3.6.3/envs/p3.6.3/lib/python3.6/site-packages/twisted/internet/defer.py", line 1386, in _inlineCallbacks
    result = g.send(result)
  File "/Users/fahai/.pyenv/versions/3.6.3/envs/p3.6.3/lib/python3.6/site-packages/scrapy/crawler.py", line 79, in crawl
    yield self.engine.open_spider(self.spider, start_requests)
ModuleNotFoundError: No module named 'scrapy_redis.dupefilters'
2017-10-24 17:42:22 [scrapy.utils.log] INFO: Scrapy 1.4.0 started (bot: meitulu)
2017-10-24 17:42:22 [scrapy.utils.log] INFO: Overridden settings: {'BOT_NAME': 'meitulu', 'CONCURRENT_REQUESTS': 64, 'COOKIES_ENABLED': False, 'DUPEFILTER_CLASS': 'scrapy_redis.dupefilter.RFPDupeFilter', 'LOG_FILE': 'meitu.log', 'NEWSPIDER_MODULE': 'meitulu.spiders', 'SCHEDULER': 'scrapy_redis.scheduler.Scheduler', 'SPIDER_MODULES': ['meitulu.spiders']}
2017-10-24 17:42:22 [scrapy.middleware] INFO: Enabled extensions:
['scrapy.extensions.corestats.CoreStats',
 'scrapy.extensions.telnet.TelnetConsole',
 'scrapy.extensions.memusage.MemoryUsage',
 'scrapy.extensions.logstats.LogStats']
2017-10-24 17:42:22 [scrapy.middleware] INFO: Enabled downloader middlewares:
['scrapy.downloadermiddlewares.httpauth.HttpAuthMiddleware',
 'scrapy.downloadermiddlewares.downloadtimeout.DownloadTimeoutMiddleware',
 'scrapy.downloadermiddlewares.defaultheaders.DefaultHeadersMiddleware',
 'scrapy.downloadermiddlewares.useragent.UserAgentMiddleware',
 'scrapy.downloadermiddlewares.retry.RetryMiddleware',
 'scrapy.downloadermiddlewares.redirect.MetaRefreshMiddleware',
 'scrapy.downloadermiddlewares.httpcompression.HttpCompressionMiddleware',
 'scrapy.downloadermiddlewares.redirect.RedirectMiddleware',
 'scrapy.downloadermiddlewares.httpproxy.HttpProxyMiddleware',
 'scrapy.downloadermiddlewares.stats.DownloaderStats']
2017-10-24 17:42:22 [scrapy.middleware] INFO: Enabled spider middlewares:
['scrapy.spidermiddlewares.httperror.HttpErrorMiddleware',
 'scrapy.spidermiddlewares.offsite.OffsiteMiddleware',
 'scrapy.spidermiddlewares.referer.RefererMiddleware',
 'scrapy.spidermiddlewares.urllength.UrlLengthMiddleware',
 'scrapy.spidermiddlewares.depth.DepthMiddleware']
2017-10-24 17:42:22 [scrapy.middleware] INFO: Enabled item pipelines:
['meitulu.pipelines.MeituluPipeline']
2017-10-24 17:42:22 [scrapy.core.engine] INFO: Spider opened
2017-10-24 17:42:22 [scrapy.extensions.logstats] INFO: Crawled 0 pages (at 0 pages/min), scraped 0 items (at 0 items/min)
2017-10-24 17:42:22 [scrapy.extensions.telnet] DEBUG: Telnet console listening on 127.0.0.1:6023
2017-10-24 17:42:22 [scrapy.core.engine] DEBUG: Crawled (200) <GET https://www.meitulu.com/guochan/> (referer: None)
2017-10-24 17:42:22 [scrapy.core.engine] DEBUG: Crawled (200) <GET https://www.meitulu.com/rihan/> (referer: None)
2017-10-24 17:42:22 [scrapy.core.engine] DEBUG: Crawled (200) <GET https://www.meitulu.com/gangtai/> (referer: None)
2017-10-24 17:42:22 [scrapy.core.engine] DEBUG: Crawled (200) <GET https://www.meitulu.com/guochan/> (referer: https://www.meitulu.com/guochan/)
2017-10-24 17:42:22 [scrapy.core.engine] DEBUG: Crawled (200) <GET https://www.meitulu.com/rihan/> (referer: https://www.meitulu.com/rihan/)
2017-10-24 17:42:23 [scrapy.core.engine] DEBUG: Crawled (200) <GET https://www.meitulu.com/rihan/3.html> (referer: https://www.meitulu.com/rihan/)
2017-10-24 17:42:23 [scrapy.core.engine] DEBUG: Crawled (200) <GET https://www.meitulu.com/gangtai/2.html> (referer: https://www.meitulu.com/gangtai/)
2017-10-24 17:42:23 [scrapy_redis.dupefilter] DEBUG: Filtered duplicate request: <GET https://www.meitulu.com/guochan/>
2017-10-24 17:42:23 [scrapy_redis.dupefilter] DEBUG: Filtered duplicate request: <GET https://www.meitulu.com/rihan/>
2017-10-24 17:42:23 [scrapy_redis.dupefilter] DEBUG: Filtered duplicate request: <GET https://www.meitulu.com/guochan/2.html>
2017-10-24 17:42:23 [scrapy_redis.dupefilter] DEBUG: Filtered duplicate request: <GET https://www.meitulu.com/guochan/3.html>
2017-10-24 17:42:23 [scrapy_redis.dupefilter] DEBUG: Filtered duplicate request: <GET https://www.meitulu.com/rihan/2.html>
2017-10-24 17:42:23 [scrapy.core.engine] DEBUG: Crawled (200) <GET https://www.meitulu.com/gangtai/3.html> (referer: https://www.meitulu.com/gangtai/)
2017-10-24 17:42:23 [scrapy.core.engine] DEBUG: Crawled (200) <GET https://www.meitulu.com/guochan/5.html> (referer: https://www.meitulu.com/guochan/)
2017-10-24 17:42:23 [scrapy_redis.dupefilter] DEBUG: Filtered duplicate request: <GET https://www.meitulu.com/guochan/4.html>
2017-10-24 17:42:23 [scrapy_redis.dupefilter] DEBUG: Filtered duplicate request: <GET https://www.meitulu.com/rihan/3.html>
2017-10-24 17:42:23 [scrapy_redis.dupefilter] DEBUG: Filtered duplicate request: <GET https://www.meitulu.com/rihan/2.html>
2017-10-24 17:42:23 [scrapy_redis.dupefilter] DEBUG: Filtered duplicate request: <GET https://www.meitulu.com/gangtai/>
2017-10-24 17:42:23 [scrapy_redis.dupefilter] DEBUG: Filtered duplicate request: <GET https://www.meitulu.com/guochan/5.html>
2017-10-24 17:42:23 [scrapy_redis.dupefilter] DEBUG: Filtered duplicate request: <GET https://www.meitulu.com/guochan/6.html>
2017-10-24 17:42:23 [scrapy_redis.dupefilter] DEBUG: Filtered duplicate request: <GET https://www.meitulu.com/rihan/4.html>
2017-10-24 17:42:23 [scrapy_redis.dupefilter] DEBUG: Filtered duplicate request: <GET https://www.meitulu.com/rihan/>
2017-10-24 17:42:23 [scrapy_redis.dupefilter] DEBUG: Filtered duplicate request: <GET https://www.meitulu.com/gangtai/3.html>
2017-10-24 17:42:23 [scrapy.core.engine] DEBUG: Crawled (200) <GET https://www.meitulu.com/gangtai/4.html> (referer: https://www.meitulu.com/gangtai/)
2017-10-24 17:42:23 [scrapy_redis.dupefilter] DEBUG: Filtered duplicate request: <GET https://www.meitulu.com/guochan/7.html>
2017-10-24 17:42:23 [scrapy_redis.dupefilter] DEBUG: Filtered duplicate request: <GET https://www.meitulu.com/gangtai/2.html>
2017-10-24 17:42:23 [scrapy_redis.dupefilter] DEBUG: Filtered duplicate request: <GET https://www.meitulu.com/rihan/5.html>
2017-10-24 17:42:23 [scrapy_redis.dupefilter] DEBUG: Filtered duplicate request: <GET https://www.meitulu.com/guochan/4.html>
2017-10-24 17:42:23 [scrapy_redis.dupefilter] DEBUG: Filtered duplicate request: <GET https://www.meitulu.com/rihan/4.html>
2017-10-24 17:42:23 [scrapy_redis.dupefilter] DEBUG: Filtered duplicate request: <GET https://www.meitulu.com/gangtai/4.html>
2017-10-24 17:42:23 [scrapy.core.engine] DEBUG: Crawled (200) <GET https://www.meitulu.com/rihan/5.html> (referer: https://www.meitulu.com/rihan/)
2017-10-24 17:42:23 [scrapy.core.engine] DEBUG: Crawled (200) <GET https://www.meitulu.com/guochan/2.html> (referer: https://www.meitulu.com/guochan/)
2017-10-24 17:42:23 [scrapy.core.engine] DEBUG: Crawled (200) <GET https://www.meitulu.com/gangtai/> (referer: https://www.meitulu.com/gangtai/)
2017-10-24 17:42:24 [scrapy_redis.dupefilter] DEBUG: Filtered duplicate request: <GET https://www.meitulu.com/guochan/8.html>
2017-10-24 17:42:24 [scrapy_redis.dupefilter] DEBUG: Filtered duplicate request: <GET https://www.meitulu.com/gangtai/>
2017-10-24 17:42:24 [scrapy_redis.dupefilter] DEBUG: Filtered duplicate request: <GET https://www.meitulu.com/rihan/6.html>
2017-10-24 17:42:24 [scrapy_redis.dupefilter] DEBUG: Filtered duplicate request: <GET https://www.meitulu.com/guochan/>
2017-10-24 17:42:24 [scrapy_redis.dupefilter] DEBUG: Filtered duplicate request: <GET https://www.meitulu.com/rihan/5.html>
2017-10-24 17:42:24 [scrapy_redis.dupefilter] DEBUG: Filtered duplicate request: <GET https://www.meitulu.com/gangtai/5.html>
2017-10-24 17:42:24 [scrapy.core.engine] DEBUG: Crawled (200) <GET https://www.meitulu.com/guochan/6.html> (referer: https://www.meitulu.com/guochan/)
2017-10-24 17:42:24 [scrapy.core.engine] DEBUG: Crawled (200) <GET https://www.meitulu.com/guochan/4.html> (referer: https://www.meitulu.com/guochan/)
2017-10-24 17:42:24 [scrapy_redis.dupefilter] DEBUG: Filtered duplicate request: <GET https://www.meitulu.com/guochan/9.html>
2017-10-24 17:42:24 [scrapy_redis.dupefilter] DEBUG: Filtered duplicate request: <GET https://www.meitulu.com/gangtai/4.html>
2017-10-24 17:42:24 [scrapy_redis.dupefilter] DEBUG: Filtered duplicate request: <GET https://www.meitulu.com/gangtai/3.html>
2017-10-24 17:42:24 [scrapy_redis.dupefilter] DEBUG: Filtered duplicate request: <GET https://www.meitulu.com/rihan/7.html>
2017-10-24 17:42:24 [scrapy_redis.dupefilter] DEBUG: Filtered duplicate request: <GET https://www.meitulu.com/guochan/2.html>
2017-10-24 17:42:24 [scrapy_redis.dupefilter] DEBUG: Filtered duplicate request: <GET https://www.meitulu.com/rihan/6.html>
2017-10-24 17:42:24 [scrapy_redis.dupefilter] DEBUG: Filtered duplicate request: <GET https://www.meitulu.com/gangtai/6.html>
2017-10-24 17:42:24 [scrapy.core.engine] DEBUG: Crawled (200) <GET https://www.meitulu.com/rihan/4.html> (referer: https://www.meitulu.com/rihan/)
2017-10-24 17:42:24 [scrapy.core.engine] DEBUG: Crawled (200) <GET https://www.meitulu.com/guochan/7.html> (referer: https://www.meitulu.com/guochan/)
2017-10-24 17:42:24 [scrapy_redis.dupefilter] DEBUG: Filtered duplicate request: <GET https://www.meitulu.com/rihan/4.html>
2017-10-24 17:42:24 [scrapy_redis.dupefilter] DEBUG: Filtered duplicate request: <GET https://www.meitulu.com/guochan/>
2017-10-24 17:42:24 [scrapy_redis.dupefilter] DEBUG: Filtered duplicate request: <GET https://www.meitulu.com/gangtai/>
2017-10-24 17:42:24 [scrapy_redis.dupefilter] DEBUG: Filtered duplicate request: <GET https://www.meitulu.com/guochan/10.html>
2017-10-24 17:42:24 [scrapy_redis.dupefilter] DEBUG: Filtered duplicate request: <GET https://www.meitulu.com/gangtai/5.html>
2017-10-24 17:42:24 [scrapy_redis.dupefilter] DEBUG: Filtered duplicate request: <GET https://www.meitulu.com/gangtai/>
2017-10-24 17:42:24 [scrapy_redis.dupefilter] DEBUG: Filtered duplicate request: <GET https://www.meitulu.com/rihan/8.html>
2017-10-24 17:42:24 [scrapy_redis.dupefilter] DEBUG: Filtered duplicate request: <GET https://www.meitulu.com/guochan/3.html>
2017-10-24 17:42:24 [scrapy_redis.dupefilter] DEBUG: Filtered duplicate request: <GET https://www.meitulu.com/rihan/7.html>
2017-10-24 17:42:24 [scrapy_redis.dupefilter] DEBUG: Filtered duplicate request: <GET https://www.meitulu.com/gangtai/7.html>
2017-10-24 17:42:24 [scrapy.core.engine] DEBUG: Crawled (200) <GET https://www.meitulu.com/rihan/7.html> (referer: https://www.meitulu.com/rihan/)
2017-10-24 17:42:24 [scrapy.core.engine] DEBUG: Crawled (200) <GET https://www.meitulu.com/gangtai/5.html> (referer: https://www.meitulu.com/gangtai/)
2017-10-24 17:42:24 [scrapy.core.engine] DEBUG: Crawled (200) <GET https://www.meitulu.com/gangtai/6.html> (referer: https://www.meitulu.com/gangtai/)
2017-10-24 17:42:24 [scrapy.core.engine] DEBUG: Crawled (200) <GET https://www.meitulu.com/guochan/3.html> (referer: https://www.meitulu.com/guochan/)
2017-10-24 17:42:24 [scrapy_redis.dupefilter] DEBUG: Filtered duplicate request: <GET https://www.meitulu.com/rihan/>
2017-10-24 17:42:24 [scrapy_redis.dupefilter] DEBUG: Filtered duplicate request: <GET https://www.meitulu.com/rihan/2.html>
2017-10-24 17:42:25 [scrapy_redis.dupefilter] DEBUG: Filtered duplicate request: <GET https://www.meitulu.com/guochan/3.html>
2017-10-24 17:42:25 [scrapy_redis.dupefilter] DEBUG: Filtered duplicate request: <GET https://www.meitulu.com/gangtai/2.html>
2017-10-24 17:42:25 [scrapy_redis.dupefilter] DEBUG: Filtered duplicate request: <GET https://www.meitulu.com/gangtai/3.html>
2017-10-24 17:42:25 [scrapy_redis.dupefilter] DEBUG: Filtered duplicate request: <GET https://www.meitulu.com/guochan/5.html>
2017-10-24 17:42:25 [scrapy_redis.dupefilter] DEBUG: Filtered duplicate request: <GET https://www.meitulu.com/guochan/103.html>
2017-10-24 17:42:25 [scrapy_redis.dupefilter] DEBUG: Filtered duplicate request: <GET https://www.meitulu.com/guochan/3.html>
2017-10-24 17:42:25 [scrapy_redis.dupefilter] DEBUG: Filtered duplicate request: <GET https://www.meitulu.com/gangtai/6.html>
2017-10-24 17:42:25 [scrapy_redis.dupefilter] DEBUG: Filtered duplicate request: <GET https://www.meitulu.com/gangtai/2.html>
2017-10-24 17:42:25 [scrapy_redis.dupefilter] DEBUG: Filtered duplicate request: <GET https://www.meitulu.com/rihan/9.html>
2017-10-24 17:42:25 [scrapy_redis.dupefilter] DEBUG: Filtered duplicate request: <GET https://www.meitulu.com/guochan/6.html>
2017-10-24 17:42:25 [scrapy_redis.dupefilter] DEBUG: Filtered duplicate request: <GET https://www.meitulu.com/rihan/8.html>
2017-10-24 17:42:25 [scrapy_redis.dupefilter] DEBUG: Filtered duplicate request: <GET https://www.meitulu.com/gangtai/8.html>
2017-10-24 17:42:25 [scrapy.core.engine] DEBUG: Crawled (200) <GET https://www.meitulu.com/rihan/8.html> (referer: https://www.meitulu.com/rihan/)
2017-10-24 17:42:25 [scrapy.core.engine] DEBUG: Crawled (200) <GET https://www.meitulu.com/rihan/2.html> (referer: https://www.meitulu.com/rihan/)
2017-10-24 17:42:25 [scrapy_redis.dupefilter] DEBUG: Filtered duplicate request: <GET https://www.meitulu.com/rihan/3.html>
2017-10-24 17:42:25 [scrapy_redis.dupefilter] DEBUG: Filtered duplicate request: <GET https://www.meitulu.com/rihan/3.html>
2017-10-24 17:42:25 [scrapy_redis.dupefilter] DEBUG: Filtered duplicate request: <GET https://www.meitulu.com/guochan/6.html>
2017-10-24 17:42:25 [scrapy_redis.dupefilter] DEBUG: Filtered duplicate request: <GET https://www.meitulu.com/guochan/>
2017-10-24 17:42:25 [scrapy_redis.dupefilter] DEBUG: Filtered duplicate request: <GET https://www.meitulu.com/guochan/4.html>
2017-10-24 17:42:25 [scrapy_redis.dupefilter] DEBUG: Filtered duplicate request: <GET https://www.meitulu.com/gangtai/4.html>
2017-10-24 17:42:25 [scrapy_redis.dupefilter] DEBUG: Filtered duplicate request: <GET https://www.meitulu.com/guochan/>
2017-10-24 17:42:25 [scrapy_redis.dupefilter] DEBUG: Filtered duplicate request: <GET https://www.meitulu.com/item/11836.html>
2017-10-24 17:42:25 [scrapy_redis.dupefilter] DEBUG: Filtered duplicate request: <GET https://www.meitulu.com/guochan/>
2017-10-24 17:42:25 [scrapy_redis.dupefilter] DEBUG: Filtered duplicate request: <GET https://www.meitulu.com/gangtai/7.html>
2017-10-24 17:42:25 [scrapy_redis.dupefilter] DEBUG: Filtered duplicate request: <GET https://www.meitulu.com/gangtai/5.html>
2017-10-24 17:42:25 [scrapy_redis.dupefilter] DEBUG: Filtered duplicate request: <GET https://www.meitulu.com/rihan/10.html>
2017-10-24 17:42:25 [scrapy_redis.dupefilter] DEBUG: Filtered duplicate request: <GET https://www.meitulu.com/guochan/7.html>
2017-10-24 17:42:25 [scrapy_redis.dupefilter] DEBUG: Filtered duplicate request: <GET https://www.meitulu.com/rihan/9.html>
2017-10-24 17:42:25 [scrapy_redis.dupefilter] DEBUG: Filtered duplicate request: <GET https://www.meitulu.com/gangtai/9.html>
2017-10-24 17:42:25 [scrapy_redis.dupefilter] DEBUG: Filtered duplicate request: <GET https://www.meitulu.com/rihan/6.html>
2017-10-24 17:42:25 [scrapy_redis.dupefilter] DEBUG: Filtered duplicate request: <GET https://www.meitulu.com/rihan/>
2017-10-24 17:42:25 [scrapy_redis.dupefilter] DEBUG: Filtered duplicate request: <GET https://www.meitulu.com/rihan/2.html>
2017-10-24 17:42:25 [scrapy_redis.dupefilter] DEBUG: Filtered duplicate request: <GET https://www.meitulu.com/guochan/3.html>
2017-10-24 17:42:25 [scrapy_redis.dupefilter] DEBUG: Filtered duplicate request: <GET https://www.meitulu.com/rihan/6.html>
2017-10-24 17:42:25 [scrapy_redis.dupefilter] DEBUG: Filtered duplicate request: <GET https://www.meitulu.com/guochan/5.html>
2017-10-24 17:42:25 [scrapy_redis.dupefilter] DEBUG: Filtered duplicate request: <GET https://www.meitulu.com/gangtai/4.html>
2017-10-24 17:42:25 [scrapy_redis.dupefilter] DEBUG: Filtered duplicate request: <GET https://www.meitulu.com/gangtai/5.html>
2017-10-24 17:42:25 [scrapy_redis.dupefilter] DEBUG: Filtered duplicate request: <GET https://www.meitulu.com/gangtai/5.html>
2017-10-24 17:42:25 [scrapy_redis.dupefilter] DEBUG: Filtered duplicate request: <GET https://www.meitulu.com/guochan/2.html>
2017-10-24 17:42:25 [scrapy_redis.dupefilter] DEBUG: Filtered duplicate request: <GET https://www.meitulu.com/guochan/2.html>
2017-10-24 17:42:25 [scrapy_redis.dupefilter] DEBUG: Filtered duplicate request: <GET https://www.meitulu.com/item/11835.html>
2017-10-24 17:42:25 [scrapy_redis.dupefilter] DEBUG: Filtered duplicate request: <GET https://www.meitulu.com/guochan/2.html>
2017-10-24 17:42:26 [scrapy_redis.dupefilter] DEBUG: Filtered duplicate request: <GET https://www.meitulu.com/gangtai/8.html>
2017-10-24 17:42:26 [scrapy_redis.dupefilter] DEBUG: Filtered duplicate request: <GET https://www.meitulu.com/gangtai/6.html>
2017-10-24 17:42:26 [scrapy_redis.dupefilter] DEBUG: Filtered duplicate request: <GET https://www.meitulu.com/rihan/74.html>
2017-10-24 17:42:26 [scrapy_redis.dupefilter] DEBUG: Filtered duplicate request: <GET https://www.meitulu.com/guochan/8.html>
2017-10-24 17:42:26 [scrapy_redis.dupefilter] DEBUG: Filtered duplicate request: <GET https://www.meitulu.com/rihan/10.html>
2017-10-24 17:42:26 [scrapy_redis.dupefilter] DEBUG: Filtered duplicate request: <GET https://www.meitulu.com/gangtai/10.html>
2017-10-24 17:42:26 [scrapy.core.engine] DEBUG: Crawled (200) <GET https://www.meitulu.com/guochan/10.html> (referer: https://www.meitulu.com/guochan/)
2017-10-24 17:42:26 [scrapy.core.engine] DEBUG: Crawled (200) <GET https://www.meitulu.com/rihan/10.html> (referer: https://www.meitulu.com/rihan/)
2017-10-24 17:42:26 [scrapy_redis.dupefilter] DEBUG: Filtered duplicate request: <GET https://www.meitulu.com/rihan/7.html>
2017-10-24 17:42:26 [scrapy_redis.dupefilter] DEBUG: Filtered duplicate request: <GET https://www.meitulu.com/rihan/5.html>
2017-10-24 17:42:26 [scrapy_redis.dupefilter] DEBUG: Filtered duplicate request: <GET https://www.meitulu.com/rihan/6.html>
2017-10-24 17:42:26 [scrapy_redis.dupefilter] DEBUG: Filtered duplicate request: <GET https://www.meitulu.com/guochan/4.html>
2017-10-24 17:42:26 [scrapy_redis.dupefilter] DEBUG: Filtered duplicate request: <GET https://www.meitulu.com/rihan/>
2017-10-24 17:42:26 [scrapy_redis.dupefilter] DEBUG: Filtered duplicate request: <GET https://www.meitulu.com/rihan/7.html>
2017-10-24 17:42:26 [scrapy_redis.dupefilter] DEBUG: Filtered duplicate request: <GET https://www.meitulu.com/guochan/6.html>
2017-10-24 17:42:26 [scrapy_redis.dupefilter] DEBUG: Filtered duplicate request: <GET https://www.meitulu.com/gangtai/>
2017-10-24 17:42:26 [scrapy_redis.dupefilter] DEBUG: Filtered duplicate request: <GET https://www.meitulu.com/rihan/>
2017-10-24 17:42:26 [scrapy_redis.dupefilter] DEBUG: Filtered duplicate request: <GET https://www.meitulu.com/gangtai/6.html>
2017-10-24 17:42:26 [scrapy_redis.dupefilter] DEBUG: Filtered duplicate request: <GET https://www.meitulu.com/gangtai/>
2017-10-24 17:42:26 [scrapy_redis.dupefilter] DEBUG: Filtered duplicate request: <GET https://www.meitulu.com/guochan/>
2017-10-24 17:42:26 [scrapy_redis.dupefilter] DEBUG: Filtered duplicate request: <GET https://www.meitulu.com/guochan/3.html>
2017-10-24 17:42:26 [scrapy_redis.dupefilter] DEBUG: Filtered duplicate request: <GET https://www.meitulu.com/item/11834.html>
2017-10-24 17:42:26 [scrapy_redis.dupefilter] DEBUG: Filtered duplicate request: <GET https://www.meitulu.com/guochan/5.html>
2017-10-24 17:42:26 [scrapy_redis.dupefilter] DEBUG: Filtered duplicate request: <GET https://www.meitulu.com/gangtai/9.html>
2017-10-24 17:42:26 [scrapy_redis.dupefilter] DEBUG: Filtered duplicate request: <GET https://www.meitulu.com/gangtai/7.html>
2017-10-24 17:42:26 [scrapy_redis.dupefilter] DEBUG: Filtered duplicate request: <GET https://www.meitulu.com/item/12153.html>
2017-10-24 17:42:26 [scrapy_redis.dupefilter] DEBUG: Filtered duplicate request: <GET https://www.meitulu.com/guochan/9.html>
2017-10-24 17:42:26 [scrapy_redis.dupefilter] DEBUG: Filtered duplicate request: <GET https://www.meitulu.com/rihan/74.html>
2017-10-24 17:42:26 [scrapy_redis.dupefilter] DEBUG: Filtered duplicate request: <GET https://www.meitulu.com/gangtai/27.html>
2017-10-24 17:42:26 [scrapy.core.engine] DEBUG: Crawled (200) <GET https://www.meitulu.com/rihan/6.html> (referer: https://www.meitulu.com/rihan/)
2017-10-24 17:42:26 [scrapy.core.engine] DEBUG: Crawled (200) <GET https://www.meitulu.com/gangtai/7.html> (referer: https://www.meitulu.com/gangtai/)
2017-10-24 17:42:26 [scrapy.core.engine] DEBUG: Crawled (200) <GET https://www.meitulu.com/gangtai/8.html> (referer: https://www.meitulu.com/gangtai/)
2017-10-24 17:42:26 [scrapy_redis.dupefilter] DEBUG: Filtered duplicate request: <GET https://www.meitulu.com/rihan/8.html>
2017-10-24 17:42:26 [scrapy_redis.dupefilter] DEBUG: Filtered duplicate request: <GET https://www.meitulu.com/rihan/7.html>
2017-10-24 17:42:26 [scrapy_redis.dupefilter] DEBUG: Filtered duplicate request: <GET https://www.meitulu.com/rihan/8.html>
2017-10-24 17:42:26 [scrapy_redis.dupefilter] DEBUG: Filtered duplicate request: <GET https://www.meitulu.com/guochan/5.html>
2017-10-24 17:42:26 [scrapy_redis.dupefilter] DEBUG: Filtered duplicate request: <GET https://www.meitulu.com/rihan/3.html>
2017-10-24 17:42:26 [scrapy_redis.dupefilter] DEBUG: Filtered duplicate request: <GET https://www.meitulu.com/rihan/>
2017-10-24 17:42:26 [scrapy_redis.dupefilter] DEBUG: Filtered duplicate request: <GET https://www.meitulu.com/guochan/7.html>
2017-10-24 17:42:26 [scrapy_redis.dupefilter] DEBUG: Filtered duplicate request: <GET https://www.meitulu.com/gangtai/2.html>
2017-10-24 17:42:26 [scrapy_redis.dupefilter] DEBUG: Filtered duplicate request: <GET https://www.meitulu.com/rihan/3.html>
2017-10-24 17:42:27 [scrapy_redis.dupefilter] DEBUG: Filtered duplicate request: <GET https://www.meitulu.com/gangtai/7.html>
2017-10-24 17:42:27 [scrapy_redis.dupefilter] DEBUG: Filtered duplicate request: <GET https://www.meitulu.com/gangtai/2.html>
2017-10-24 17:42:27 [scrapy_redis.dupefilter] DEBUG: Filtered duplicate request: <GET https://www.meitulu.com/guochan/4.html>
2017-10-24 17:42:27 [scrapy_redis.dupefilter] DEBUG: Filtered duplicate request: <GET https://www.meitulu.com/guochan/5.html>
2017-10-24 17:42:27 [scrapy_redis.dupefilter] DEBUG: Filtered duplicate request: <GET https://www.meitulu.com/guochan/4.html>
2017-10-24 17:42:27 [scrapy_redis.dupefilter] DEBUG: Filtered duplicate request: <GET https://www.meitulu.com/item/11833.html>
2017-10-24 17:42:27 [scrapy_redis.dupefilter] DEBUG: Filtered duplicate request: <GET https://www.meitulu.com/guochan/6.html>
2017-10-24 17:42:27 [scrapy_redis.dupefilter] DEBUG: Filtered duplicate request: <GET https://www.meitulu.com/gangtai/10.html>
2017-10-24 17:42:27 [scrapy_redis.dupefilter] DEBUG: Filtered duplicate request: <GET https://www.meitulu.com/gangtai/8.html>
2017-10-24 17:42:27 [scrapy_redis.dupefilter] DEBUG: Filtered duplicate request: <GET https://www.meitulu.com/item/12152.html>
2017-10-24 17:42:27 [scrapy_redis.dupefilter] DEBUG: Filtered duplicate request: <GET https://www.meitulu.com/guochan/10.html>
2017-10-24 17:42:27 [scrapy.core.engine] DEBUG: Crawled (200) <GET https://www.meitulu.com/guochan/8.html> (referer: https://www.meitulu.com/guochan/)
2017-10-24 17:42:27 [scrapy.core.engine] DEBUG: Crawled (200) <GET https://www.meitulu.com/guochan/103.html> (referer: https://www.meitulu.com/guochan/)
2017-10-24 17:42:27 [scrapy_redis.dupefilter] DEBUG: Filtered duplicate request: <GET https://www.meitulu.com/rihan/9.html>
2017-10-24 17:42:27 [scrapy_redis.dupefilter] DEBUG: Filtered duplicate request: <GET https://www.meitulu.com/rihan/9.html>
2017-10-24 17:42:27 [scrapy_redis.dupefilter] DEBUG: Filtered duplicate request: <GET https://www.meitulu.com/guochan/9.html>
2017-10-24 17:42:27 [scrapy_redis.dupefilter] DEBUG: Filtered duplicate request: <GET https://www.meitulu.com/guochan/8.html>
2017-10-24 17:42:27 [scrapy_redis.dupefilter] DEBUG: Filtered duplicate request: <GET https://www.meitulu.com/rihan/9.html>
2017-10-24 17:42:27 [scrapy_redis.dupefilter] DEBUG: Filtered duplicate request: <GET https://www.meitulu.com/rihan/4.html>
2017-10-24 17:42:27 [scrapy_redis.dupefilter] DEBUG: Filtered duplicate request: <GET https://www.meitulu.com/rihan/4.html>
2017-10-24 17:42:27 [scrapy_redis.dupefilter] DEBUG: Filtered duplicate request: <GET https://www.meitulu.com/guochan/8.html>
2017-10-24 17:42:27 [scrapy_redis.dupefilter] DEBUG: Filtered duplicate request: <GET https://www.meitulu.com/gangtai/3.html>
2017-10-24 17:42:27 [scrapy_redis.dupefilter] DEBUG: Filtered duplicate request: <GET https://www.meitulu.com/rihan/4.html>
2017-10-24 17:42:27 [scrapy_redis.dupefilter] DEBUG: Filtered duplicate request: <GET https://www.meitulu.com/gangtai/8.html>
2017-10-24 17:42:27 [scrapy_redis.dupefilter] DEBUG: Filtered duplicate request: <GET https://www.meitulu.com/gangtai/3.html>
2017-10-24 17:42:27 [scrapy_redis.dupefilter] DEBUG: Filtered duplicate request: <GET https://www.meitulu.com/guochan/6.html>
2017-10-24 17:42:27 [scrapy_redis.dupefilter] DEBUG: Filtered duplicate request: <GET https://www.meitulu.com/guochan/7.html>
2017-10-24 17:42:27 [scrapy_redis.dupefilter] DEBUG: Filtered duplicate request: <GET https://www.meitulu.com/item/11832.html>
2017-10-24 17:42:27 [scrapy_redis.dupefilter] DEBUG: Filtered duplicate request: <GET https://www.meitulu.com/guochan/7.html>
2017-10-24 17:42:27 [scrapy_redis.dupefilter] DEBUG: Filtered duplicate request: <GET https://www.meitulu.com/gangtai/27.html>
2017-10-24 17:42:27 [scrapy_redis.dupefilter] DEBUG: Filtered duplicate request: <GET https://www.meitulu.com/gangtai/9.html>
2017-10-24 17:42:27 [scrapy_redis.dupefilter] DEBUG: Filtered duplicate request: <GET https://www.meitulu.com/item/12151.html>
2017-10-24 17:42:27 [scrapy_redis.dupefilter] DEBUG: Filtered duplicate request: <GET https://www.meitulu.com/guochan/103.html>
2017-10-24 17:42:27 [scrapy.core.engine] DEBUG: Crawled (200) <GET https://www.meitulu.com/item/11836.html> (referer: https://www.meitulu.com/guochan/)
2017-10-24 17:42:27 [scrapy.core.engine] DEBUG: Crawled (200) <GET https://www.meitulu.com/rihan/74.html> (referer: https://www.meitulu.com/rihan/)
2017-10-24 17:42:27 [scrapy.core.engine] DEBUG: Crawled (200) <GET https://www.meitulu.com/guochan/9.html> (referer: https://www.meitulu.com/guochan/)
2017-10-24 17:42:27 [scrapy.core.engine] DEBUG: Crawled (200) <GET https://www.meitulu.com/rihan/9.html> (referer: https://www.meitulu.com/rihan/)
2017-10-24 17:42:28 [scrapy_redis.dupefilter] DEBUG: Filtered duplicate request: <GET https://www.meitulu.com/rihan/10.html>
2017-10-24 17:42:28 [scrapy_redis.dupefilter] DEBUG: Filtered duplicate request: <GET https://www.meitulu.com/rihan/5.html>
2017-10-24 17:42:28 [scrapy_redis.dupefilter] DEBUG: Filtered duplicate request: <GET https://www.meitulu.com/rihan/10.html>
2017-10-24 17:42:28 [scrapy_redis.dupefilter] DEBUG: Filtered duplicate request: <GET https://www.meitulu.com/guochan/>
2017-10-24 17:42:28 [scrapy_redis.dupefilter] DEBUG: Filtered duplicate request: <GET https://www.meitulu.com/gangtai/6.html>
2017-10-24 17:42:28 [scrapy_redis.dupefilter] DEBUG: Filtered duplicate request: <GET https://www.meitulu.com/guochan/9.html>
2017-10-24 17:42:28 [scrapy_redis.dupefilter] DEBUG: Filtered duplicate request: <GET https://www.meitulu.com/rihan/>
2017-10-24 17:42:28 [scrapy_redis.dupefilter] DEBUG: Filtered duplicate request: <GET https://www.meitulu.com/rihan/6.html>
2017-10-24 17:42:28 [scrapy_redis.dupefilter] DEBUG: Filtered duplicate request: <GET https://www.meitulu.com/gangtai/7.html>
2017-10-24 17:42:28 [scrapy_redis.dupefilter] DEBUG: Filtered duplicate request: <GET https://www.meitulu.com/rihan/5.html>
2017-10-24 17:42:28 [scrapy_redis.dupefilter] DEBUG: Filtered duplicate request: <GET https://www.meitulu.com/rihan/5.html>
2017-10-24 17:42:28 [scrapy_redis.dupefilter] DEBUG: Filtered duplicate request: <GET https://www.meitulu.com/guochan/9.html>
2017-10-24 17:42:28 [scrapy_redis.dupefilter] DEBUG: Filtered duplicate request: <GET https://www.meitulu.com/gangtai/6.html>
2017-10-24 17:42:28 [scrapy_redis.dupefilter] DEBUG: Filtered duplicate request: <GET https://www.meitulu.com/rihan/5.html>
2017-10-24 17:42:28 [scrapy_redis.dupefilter] DEBUG: Filtered duplicate request: <GET https://www.meitulu.com/gangtai/9.html>
2017-10-24 17:42:28 [scrapy_redis.dupefilter] DEBUG: Filtered duplicate request: <GET https://www.meitulu.com/gangtai/4.html>
2017-10-24 17:42:28 [scrapy_redis.dupefilter] DEBUG: Filtered duplicate request: <GET https://www.meitulu.com/guochan/7.html>
2017-10-24 17:42:28 [scrapy_redis.dupefilter] DEBUG: Filtered duplicate request: <GET https://www.meitulu.com/guochan/8.html>
2017-10-24 17:42:28 [scrapy_redis.dupefilter] DEBUG: Filtered duplicate request: <GET https://www.meitulu.com/item/11831.html>
2017-10-24 17:42:28 [scrapy_redis.dupefilter] DEBUG: Filtered duplicate request: <GET https://www.meitulu.com/guochan/8.html>
2017-10-24 17:42:28 [scrapy_redis.dupefilter] DEBUG: Filtered duplicate request: <GET https://www.meitulu.com/gangtai/10.html>
2017-10-24 17:42:28 [scrapy_redis.dupefilter] DEBUG: Filtered duplicate request: <GET https://www.meitulu.com/item/12150.html>
2017-10-24 17:42:28 [scrapy.core.engine] DEBUG: Crawled (200) <GET https://www.meitulu.com/item/12153.html> (referer: https://www.meitulu.com/rihan/)
2017-10-24 17:42:28 [scrapy.core.engine] DEBUG: Crawled (200) <GET https://www.meitulu.com/item/11835.html> (referer: https://www.meitulu.com/guochan/)
2017-10-24 17:42:28 [scrapy_redis.dupefilter] DEBUG: Filtered duplicate request: <GET https://www.meitulu.com/rihan/74.html>
2017-10-24 17:42:28 [scrapy_redis.dupefilter] DEBUG: Filtered duplicate request: <GET https://www.meitulu.com/rihan/>
2017-10-24 17:42:28 [scrapy_redis.dupefilter] DEBUG: Filtered duplicate request: <GET https://www.meitulu.com/rihan/2.html>
2017-10-24 17:42:28 [scrapy_redis.dupefilter] DEBUG: Filtered duplicate request: <GET https://www.meitulu.com/rihan/74.html>
2017-10-24 17:42:28 [scrapy_redis.dupefilter] DEBUG: Filtered duplicate request: <GET https://www.meitulu.com/guochan/7.html>
2017-10-24 17:42:28 [scrapy_redis.dupefilter] DEBUG: Filtered duplicate request: <GET https://www.meitulu.com/guochan/6.html>
2017-10-24 17:42:28 [scrapy_redis.dupefilter] DEBUG: Filtered duplicate request: <GET https://www.meitulu.com/gangtai/>
2017-10-24 17:42:28 [scrapy_redis.dupefilter] DEBUG: Filtered duplicate request: <GET https://www.meitulu.com/guochan/10.html>
2017-10-24 17:42:28 [scrapy_redis.dupefilter] DEBUG: Filtered duplicate request: <GET https://www.meitulu.com/rihan/7.html>
2017-10-24 17:42:28 [scrapy_redis.dupefilter] DEBUG: Filtered duplicate request: <GET https://www.meitulu.com/gangtai/>
2017-10-24 17:42:29 [scrapy_redis.dupefilter] DEBUG: Filtered duplicate request: <GET https://www.meitulu.com/rihan/8.html>
2017-10-24 17:42:29 [scrapy_redis.dupefilter] DEBUG: Filtered duplicate request: <GET https://www.meitulu.com/rihan/6.html>
2017-10-24 17:42:29 [scrapy_redis.dupefilter] DEBUG: Filtered duplicate request: <GET https://www.meitulu.com/guochan/10.html>
2017-10-24 17:42:29 [scrapy_redis.dupefilter] DEBUG: Filtered duplicate request: <GET https://www.meitulu.com/guochan/103.html>
2017-10-24 17:42:29 [scrapy_redis.dupefilter] DEBUG: Filtered duplicate request: <GET https://www.meitulu.com/gangtai/7.html>
2017-10-24 17:42:29 [scrapy_redis.dupefilter] DEBUG: Filtered duplicate request: <GET https://www.meitulu.com/rihan/6.html>
2017-10-24 17:42:29 [scrapy_redis.dupefilter] DEBUG: Filtered duplicate request: <GET https://www.meitulu.com/gangtai/10.html>
2017-10-24 17:42:29 [scrapy_redis.dupefilter] DEBUG: Filtered duplicate request: <GET https://www.meitulu.com/gangtai/7.html>
2017-10-24 17:42:29 [scrapy_redis.dupefilter] DEBUG: Filtered duplicate request: <GET https://www.meitulu.com/guochan/8.html>
2017-10-24 17:42:29 [scrapy_redis.dupefilter] DEBUG: Filtered duplicate request: <GET https://www.meitulu.com/guochan/9.html>
2017-10-24 17:42:29 [scrapy_redis.dupefilter] DEBUG: Filtered duplicate request: <GET https://www.meitulu.com/item/11830.html>
2017-10-24 17:42:29 [scrapy_redis.dupefilter] DEBUG: Filtered duplicate request: <GET https://www.meitulu.com/guochan/9.html>
2017-10-24 17:42:29 [scrapy_redis.dupefilter] DEBUG: Filtered duplicate request: <GET https://www.meitulu.com/gangtai/27.html>
2017-10-24 17:42:29 [scrapy_redis.dupefilter] DEBUG: Filtered duplicate request: <GET https://www.meitulu.com/item/12149.html>
2017-10-24 17:42:29 [scrapy.core.engine] DEBUG: Crawled (200) <GET https://www.meitulu.com/item/12152.html> (referer: https://www.meitulu.com/rihan/)
2017-10-24 17:42:29 [scrapy.core.engine] DEBUG: Crawled (200) <GET https://www.meitulu.com/item/11629.html> (referer: https://www.meitulu.com/gangtai/)
2017-10-24 17:42:29 [scrapy.core.engine] DEBUG: Crawled (200) <GET https://www.meitulu.com/item/11834.html> (referer: https://www.meitulu.com/guochan/)
2017-10-24 17:42:29 [scrapy.core.engine] DEBUG: Crawled (200) <GET https://www.meitulu.com/gangtai/9.html> (referer: https://www.meitulu.com/gangtai/)
2017-10-24 17:42:29 [scrapy.core.engine] DEBUG: Crawled (200) <GET https://www.meitulu.com/gangtai/10.html> (referer: https://www.meitulu.com/gangtai/)
2017-10-24 17:42:29 [urllib3.connectionpool] DEBUG: Starting new HTTP connection (1): mtl.ttsqgs.com
2017-10-24 17:42:30 [urllib3.connectionpool] DEBUG: http://mtl.ttsqgs.com:80 "GET /images/img/11836/0.jpg HTTP/1.1" 200 10082
2017-10-24 17:42:30 [urllib3.connectionpool] DEBUG: Starting new HTTP connection (1): mtl.ttsqgs.com
2017-10-24 17:42:30 [urllib3.connectionpool] DEBUG: http://mtl.ttsqgs.com:80 "GET /images/img/11836/1.jpg HTTP/1.1" 200 219270
2017-10-24 17:42:30 [urllib3.connectionpool] DEBUG: Starting new HTTP connection (1): mtl.ttsqgs.com
2017-10-24 17:42:31 [urllib3.connectionpool] DEBUG: http://mtl.ttsqgs.com:80 "GET /images/img/11836/2.jpg HTTP/1.1" 200 314495
2017-10-24 17:42:31 [urllib3.connectionpool] DEBUG: Starting new HTTP connection (1): mtl.ttsqgs.com
2017-10-24 17:42:31 [urllib3.connectionpool] DEBUG: http://mtl.ttsqgs.com:80 "GET /images/img/11836/3.jpg HTTP/1.1" 200 354180
2017-10-24 17:42:31 [urllib3.connectionpool] DEBUG: Starting new HTTP connection (1): mtl.ttsqgs.com
2017-10-24 17:42:32 [urllib3.connectionpool] DEBUG: http://mtl.ttsqgs.com:80 "GET /images/img/11836/4.jpg HTTP/1.1" 200 378943
2017-10-24 17:42:32 [urllib3.connectionpool] DEBUG: Starting new HTTP connection (1): mtl.ttsqgs.com
2017-10-24 17:42:32 [urllib3.connectionpool] DEBUG: http://mtl.ttsqgs.com:80 "GET /images/img/11836/5.jpg HTTP/1.1" 200 340629
2017-10-24 17:42:32 [urllib3.connectionpool] DEBUG: Starting new HTTP connection (1): mtl.ttsqgs.com
2017-10-24 17:42:32 [urllib3.connectionpool] DEBUG: http://mtl.ttsqgs.com:80 "GET /images/img/11836/6.jpg HTTP/1.1" 200 385405
2017-10-24 17:42:33 [urllib3.connectionpool] DEBUG: Starting new HTTP connection (1): mtl.ttsqgs.com
2017-10-24 17:42:33 [urllib3.connectionpool] DEBUG: http://mtl.ttsqgs.com:80 "GET /images/img/11836/7.jpg HTTP/1.1" 200 383453
2017-10-24 17:42:33 [urllib3.connectionpool] DEBUG: Starting new HTTP connection (1): mtl.ttsqgs.com
2017-10-24 17:42:34 [urllib3.connectionpool] DEBUG: http://mtl.ttsqgs.com:80 "GET /images/img/11836/8.jpg HTTP/1.1" 200 392798
2017-10-24 17:42:34 [urllib3.connectionpool] DEBUG: Starting new HTTP connection (1): mtl.ttsqgs.com
2017-10-24 17:42:34 [urllib3.connectionpool] DEBUG: http://mtl.ttsqgs.com:80 "GET /images/img/11836/9.jpg HTTP/1.1" 200 358726
2017-10-24 17:42:34 [urllib3.connectionpool] DEBUG: Starting new HTTP connection (1): mtl.ttsqgs.com
2017-10-24 17:42:34 [urllib3.connectionpool] DEBUG: http://mtl.ttsqgs.com:80 "GET /images/img/11836/10.jpg HTTP/1.1" 200 335243
2017-10-24 17:42:35 [urllib3.connectionpool] DEBUG: Starting new HTTP connection (1): mtl.ttsqgs.com
2017-10-24 17:42:35 [urllib3.connectionpool] DEBUG: http://mtl.ttsqgs.com:80 "GET /images/img/11836/11.jpg HTTP/1.1" 200 368856
2017-10-24 17:42:35 [urllib3.connectionpool] DEBUG: Starting new HTTP connection (1): mtl.ttsqgs.com
2017-10-24 17:42:35 [urllib3.connectionpool] DEBUG: http://mtl.ttsqgs.com:80 "GET /images/img/11836/12.jpg HTTP/1.1" 200 346607
2017-10-24 17:42:35 [urllib3.connectionpool] DEBUG: Starting new HTTP connection (1): mtl.ttsqgs.com
2017-10-24 17:42:35 [urllib3.connectionpool] DEBUG: http://mtl.ttsqgs.com:80 "GET /images/img/11836/13.jpg HTTP/1.1" 200 308650
2017-10-24 17:42:35 [urllib3.connectionpool] DEBUG: Starting new HTTP connection (1): mtl.ttsqgs.com
2017-10-24 17:42:36 [urllib3.connectionpool] DEBUG: http://mtl.ttsqgs.com:80 "GET /images/img/11836/14.jpg HTTP/1.1" 200 303238
2017-10-24 17:42:36 [urllib3.connectionpool] DEBUG: Starting new HTTP connection (1): mtl.ttsqgs.com
2017-10-24 17:42:36 [urllib3.connectionpool] DEBUG: http://mtl.ttsqgs.com:80 "GET /images/img/11836/15.jpg HTTP/1.1" 200 339272
2017-10-24 17:42:36 [urllib3.connectionpool] DEBUG: Starting new HTTP connection (1): mtl.ttsqgs.com
2017-10-24 17:42:37 [urllib3.connectionpool] DEBUG: http://mtl.ttsqgs.com:80 "GET /images/img/11836/16.jpg HTTP/1.1" 200 432460
2017-10-24 17:42:37 [urllib3.connectionpool] DEBUG: Starting new HTTP connection (1): mtl.ttsqgs.com
2017-10-24 17:42:37 [urllib3.connectionpool] DEBUG: http://mtl.ttsqgs.com:80 "GET /images/img/11836/17.jpg HTTP/1.1" 200 199940
2017-10-24 17:42:37 [urllib3.connectionpool] DEBUG: Starting new HTTP connection (1): mtl.ttsqgs.com
2017-10-24 17:42:37 [urllib3.connectionpool] DEBUG: http://mtl.ttsqgs.com:80 "GET /images/img/11836/18.jpg HTTP/1.1" 200 196288
2017-10-24 17:42:37 [urllib3.connectionpool] DEBUG: Starting new HTTP connection (1): mtl.ttsqgs.com
2017-10-24 17:42:37 [urllib3.connectionpool] DEBUG: http://mtl.ttsqgs.com:80 "GET /images/img/11836/19.jpg HTTP/1.1" 200 185603
2017-10-24 17:42:38 [urllib3.connectionpool] DEBUG: Starting new HTTP connection (1): mtl.ttsqgs.com
2017-10-24 17:42:38 [urllib3.connectionpool] DEBUG: http://mtl.ttsqgs.com:80 "GET /images/img/11836/20.jpg HTTP/1.1" 200 178443
2017-10-24 17:42:38 [urllib3.connectionpool] DEBUG: Starting new HTTP connection (1): mtl.ttsqgs.com
2017-10-24 17:42:38 [urllib3.connectionpool] DEBUG: http://mtl.ttsqgs.com:80 "GET /images/img/11836/21.jpg HTTP/1.1" 200 202008
2017-10-24 17:42:38 [urllib3.connectionpool] DEBUG: Starting new HTTP connection (1): mtl.ttsqgs.com
2017-10-24 17:42:38 [urllib3.connectionpool] DEBUG: http://mtl.ttsqgs.com:80 "GET /images/img/11836/22.jpg HTTP/1.1" 200 188206
2017-10-24 17:42:38 [urllib3.connectionpool] DEBUG: Starting new HTTP connection (1): mtl.ttsqgs.com
2017-10-24 17:42:38 [urllib3.connectionpool] DEBUG: http://mtl.ttsqgs.com:80 "GET /images/img/11836/23.jpg HTTP/1.1" 200 218109
2017-10-24 17:42:39 [urllib3.connectionpool] DEBUG: Starting new HTTP connection (1): mtl.ttsqgs.com
2017-10-24 17:42:39 [urllib3.connectionpool] DEBUG: http://mtl.ttsqgs.com:80 "GET /images/img/11836/24.jpg HTTP/1.1" 200 186667
2017-10-24 17:42:39 [urllib3.connectionpool] DEBUG: Starting new HTTP connection (1): mtl.ttsqgs.com
2017-10-24 17:42:39 [urllib3.connectionpool] DEBUG: http://mtl.ttsqgs.com:80 "GET /images/img/11836/25.jpg HTTP/1.1" 200 200121
2017-10-24 17:42:39 [urllib3.connectionpool] DEBUG: Starting new HTTP connection (1): mtl.ttsqgs.com
2017-10-24 17:42:39 [urllib3.connectionpool] DEBUG: http://mtl.ttsqgs.com:80 "GET /images/img/11836/26.jpg HTTP/1.1" 200 181815
2017-10-24 17:42:39 [urllib3.connectionpool] DEBUG: Starting new HTTP connection (1): mtl.ttsqgs.com
2017-10-24 17:42:39 [urllib3.connectionpool] DEBUG: http://mtl.ttsqgs.com:80 "GET /images/img/11836/27.jpg HTTP/1.1" 200 221619
2017-10-24 17:42:40 [urllib3.connectionpool] DEBUG: Starting new HTTP connection (1): mtl.ttsqgs.com
2017-10-24 17:42:40 [urllib3.connectionpool] DEBUG: http://mtl.ttsqgs.com:80 "GET /images/img/11836/28.jpg HTTP/1.1" 200 183667
2017-10-24 17:42:40 [urllib3.connectionpool] DEBUG: Starting new HTTP connection (1): mtl.ttsqgs.com
2017-10-24 17:42:40 [urllib3.connectionpool] DEBUG: http://mtl.ttsqgs.com:80 "GET /images/img/11836/29.jpg HTTP/1.1" 200 180253
2017-10-24 17:42:40 [urllib3.connectionpool] DEBUG: Starting new HTTP connection (1): mtl.ttsqgs.com
2017-10-24 17:42:40 [urllib3.connectionpool] DEBUG: http://mtl.ttsqgs.com:80 "GET /images/img/11836/30.jpg HTTP/1.1" 200 166150
2017-10-24 17:42:40 [urllib3.connectionpool] DEBUG: Starting new HTTP connection (1): mtl.ttsqgs.com
2017-10-24 17:42:41 [urllib3.connectionpool] DEBUG: http://mtl.ttsqgs.com:80 "GET /images/img/11836/31.jpg HTTP/1.1" 200 192459
2017-10-24 17:42:41 [urllib3.connectionpool] DEBUG: Starting new HTTP connection (1): mtl.ttsqgs.com
2017-10-24 17:42:41 [urllib3.connectionpool] DEBUG: http://mtl.ttsqgs.com:80 "GET /images/img/11836/32.jpg HTTP/1.1" 200 211281
2017-10-24 17:42:41 [urllib3.connectionpool] DEBUG: Starting new HTTP connection (1): mtl.ttsqgs.com
2017-10-24 17:42:41 [urllib3.connectionpool] DEBUG: http://mtl.ttsqgs.com:80 "GET /images/img/11836/33.jpg HTTP/1.1" 200 163172
2017-10-24 17:42:41 [urllib3.connectionpool] DEBUG: Starting new HTTP connection (1): mtl.ttsqgs.com
2017-10-24 17:42:41 [urllib3.connectionpool] DEBUG: http://mtl.ttsqgs.com:80 "GET /images/img/11836/34.jpg HTTP/1.1" 200 174715
2017-10-24 17:42:41 [urllib3.connectionpool] DEBUG: Starting new HTTP connection (1): mtl.ttsqgs.com
2017-10-24 17:42:42 [urllib3.connectionpool] DEBUG: http://mtl.ttsqgs.com:80 "GET /images/img/11836/35.jpg HTTP/1.1" 200 173059
2017-10-24 17:42:42 [urllib3.connectionpool] DEBUG: Starting new HTTP connection (1): mtl.ttsqgs.com
2017-10-24 17:42:42 [urllib3.connectionpool] DEBUG: http://mtl.ttsqgs.com:80 "GET /images/img/11836/36.jpg HTTP/1.1" 200 187673
2017-10-24 17:42:43 [urllib3.connectionpool] DEBUG: Starting new HTTP connection (1): mtl.ttsqgs.com
2017-10-24 17:42:43 [urllib3.connectionpool] DEBUG: http://mtl.ttsqgs.com:80 "GET /images/img/11836/37.jpg HTTP/1.1" 200 184692
2017-10-24 17:42:43 [urllib3.connectionpool] DEBUG: Starting new HTTP connection (1): mtl.ttsqgs.com
2017-10-24 17:42:43 [urllib3.connectionpool] DEBUG: http://mtl.ttsqgs.com:80 "GET /images/img/11836/38.jpg HTTP/1.1" 200 255625
2017-10-24 17:42:43 [urllib3.connectionpool] DEBUG: Starting new HTTP connection (1): mtl.ttsqgs.com
2017-10-24 17:42:43 [urllib3.connectionpool] DEBUG: http://mtl.ttsqgs.com:80 "GET /images/img/11836/39.jpg HTTP/1.1" 200 210544
2017-10-24 17:42:43 [urllib3.connectionpool] DEBUG: Starting new HTTP connection (1): mtl.ttsqgs.com
2017-10-24 17:42:44 [urllib3.connectionpool] DEBUG: http://mtl.ttsqgs.com:80 "GET /images/img/11836/40.jpg HTTP/1.1" 200 184196
2017-10-24 17:42:44 [urllib3.connectionpool] DEBUG: Starting new HTTP connection (1): mtl.ttsqgs.com
2017-10-24 17:42:44 [urllib3.connectionpool] DEBUG: http://mtl.ttsqgs.com:80 "GET /images/img/11836/41.jpg HTTP/1.1" 200 181595
2017-10-24 17:42:44 [urllib3.connectionpool] DEBUG: Starting new HTTP connection (1): mtl.ttsqgs.com
2017-10-24 17:42:44 [urllib3.connectionpool] DEBUG: http://mtl.ttsqgs.com:80 "GET /images/img/11836/42.jpg HTTP/1.1" 200 172751
2017-10-24 17:42:45 [urllib3.connectionpool] DEBUG: Starting new HTTP connection (1): mtl.ttsqgs.com
2017-10-24 17:42:45 [urllib3.connectionpool] DEBUG: http://mtl.ttsqgs.com:80 "GET /images/img/11836/43.jpg HTTP/1.1" 200 172282
2017-10-24 17:42:45 [scrapy.core.scraper] DEBUG: Scraped from <200 https://www.meitulu.com/item/11836.html>
{'name': '[花漾SHOW] VOL.003 陈秋雨 写真套图',
 'num': '43',
 'types': '国产美女',
 'url': 'http://mtl.ttsqgs.com/images/img/11836/1.jpg'}
2017-10-24 17:42:45 [scrapy_redis.dupefilter] DEBUG: Filtered duplicate request: <GET https://www.meitulu.com/rihan/3.html>
2017-10-24 17:42:45 [scrapy_redis.dupefilter] DEBUG: Filtered duplicate request: <GET https://www.meitulu.com/rihan/4.html>
2017-10-24 17:42:45 [scrapy_redis.dupefilter] DEBUG: Filtered duplicate request: <GET https://www.meitulu.com/guochan/8.html>
2017-10-24 17:42:45 [scrapy_redis.dupefilter] DEBUG: Filtered duplicate request: <GET https://www.meitulu.com/guochan/>
2017-10-24 17:42:45 [scrapy_redis.dupefilter] DEBUG: Filtered duplicate request: <GET https://www.meitulu.com/rihan/8.html>
2017-10-24 17:42:45 [scrapy_redis.dupefilter] DEBUG: Filtered duplicate request: <GET https://www.meitulu.com/guochan/7.html>
2017-10-24 17:42:45 [scrapy_redis.dupefilter] DEBUG: Filtered duplicate request: <GET https://www.meitulu.com/gangtai/3.html>
2017-10-24 17:42:45 [scrapy_redis.dupefilter] DEBUG: Filtered duplicate request: <GET https://www.meitulu.com/guochan/>
2017-10-24 17:42:45 [scrapy_redis.dupefilter] DEBUG: Filtered duplicate request: <GET https://www.meitulu.com/guochan/103.html>
2017-10-24 17:42:45 [scrapy_redis.dupefilter] DEBUG: Filtered duplicate request: <GET https://www.meitulu.com/rihan/8.html>
2017-10-24 17:42:45 [scrapy_redis.dupefilter] DEBUG: Filtered duplicate request: <GET https://www.meitulu.com/gangtai/4.html>
2017-10-24 17:42:45 [scrapy_redis.dupefilter] DEBUG: Filtered duplicate request: <GET https://www.meitulu.com/rihan/9.html>
2017-10-24 17:42:45 [scrapy_redis.dupefilter] DEBUG: Filtered duplicate request: <GET https://www.meitulu.com/rihan/9.html>
2017-10-24 17:42:45 [scrapy_redis.dupefilter] DEBUG: Filtered duplicate request: <GET https://www.meitulu.com/gangtai/8.html>
2017-10-24 17:42:45 [scrapy_redis.dupefilter] DEBUG: Filtered duplicate request: <GET https://www.meitulu.com/rihan/7.html>
2017-10-24 17:42:45 [scrapy_redis.dupefilter] DEBUG: Filtered duplicate request: <GET https://www.meitulu.com/gangtai/27.html>
2017-10-24 17:42:45 [scrapy_redis.dupefilter] DEBUG: Filtered duplicate request: <GET https://www.meitulu.com/gangtai/8.html>
2017-10-24 17:42:45 [scrapy_redis.dupefilter] DEBUG: Filtered duplicate request: <GET https://www.meitulu.com/guochan/9.html>
2017-10-24 17:42:45 [scrapy_redis.dupefilter] DEBUG: Filtered duplicate request: <GET https://www.meitulu.com/guochan/10.html>
2017-10-24 17:42:45 [scrapy_redis.dupefilter] DEBUG: Filtered duplicate request: <GET https://www.meitulu.com/item/11829.html>
2017-10-24 17:42:45 [scrapy_redis.dupefilter] DEBUG: Filtered duplicate request: <GET https://www.meitulu.com/guochan/10.html>
2017-10-24 17:42:45 [scrapy_redis.dupefilter] DEBUG: Filtered duplicate request: <GET https://www.meitulu.com/item/12148.html>
2017-10-24 17:42:46 [scrapy.core.engine] DEBUG: Crawled (200) <GET https://www.meitulu.com/gangtai/27.html> (referer: https://www.meitulu.com/gangtai/)
2017-10-24 17:42:46 [scrapy.core.engine] DEBUG: Crawled (200) <GET https://www.meitulu.com/item/12151.html> (referer: https://www.meitulu.com/rihan/)
2017-10-24 17:42:46 [scrapy.core.engine] DEBUG: Crawled (200) <GET https://www.meitulu.com/item/11628.html> (referer: https://www.meitulu.com/gangtai/)
2017-10-24 17:42:46 [scrapy_redis.dupefilter] DEBUG: Filtered duplicate request: <GET https://www.meitulu.com/rihan/>
2017-10-24 17:42:46 [scrapy_redis.dupefilter] DEBUG: Filtered duplicate request: <GET https://www.meitulu.com/rihan/7.html>
2017-10-24 17:42:46 [scrapy_redis.dupefilter] DEBUG: Filtered duplicate request: <GET https://www.meitulu.com/guochan/>
2017-10-24 17:42:46 [urllib3.connectionpool] DEBUG: Starting new HTTP connection (1): mtl.ttsqgs.com
2017-10-24 17:42:46 [urllib3.connectionpool] DEBUG: http://mtl.ttsqgs.com:80 "GET /images/img/12153/0.jpg HTTP/1.1" 200 14397
2017-10-24 17:42:46 [urllib3.connectionpool] DEBUG: Starting new HTTP connection (1): mtl.ttsqgs.com
2017-10-24 17:42:46 [urllib3.connectionpool] DEBUG: http://mtl.ttsqgs.com:80 "GET /images/img/12153/1.jpg HTTP/1.1" 200 350560
2017-10-24 17:42:46 [urllib3.connectionpool] DEBUG: Starting new HTTP connection (1): mtl.ttsqgs.com
2017-10-24 17:42:46 [urllib3.connectionpool] DEBUG: http://mtl.ttsqgs.com:80 "GET /images/img/12153/2.jpg HTTP/1.1" 200 328729
2017-10-24 17:42:47 [urllib3.connectionpool] DEBUG: Starting new HTTP connection (1): mtl.ttsqgs.com
2017-10-24 17:42:47 [urllib3.connectionpool] DEBUG: http://mtl.ttsqgs.com:80 "GET /images/img/12153/3.jpg HTTP/1.1" 200 285255
2017-10-24 17:42:47 [urllib3.connectionpool] DEBUG: Starting new HTTP connection (1): mtl.ttsqgs.com
2017-10-24 17:42:47 [urllib3.connectionpool] DEBUG: http://mtl.ttsqgs.com:80 "GET /images/img/12153/4.jpg HTTP/1.1" 200 307641
2017-10-24 17:42:47 [urllib3.connectionpool] DEBUG: Starting new HTTP connection (1): mtl.ttsqgs.com
2017-10-24 17:42:47 [urllib3.connectionpool] DEBUG: http://mtl.ttsqgs.com:80 "GET /images/img/12153/5.jpg HTTP/1.1" 200 230850
2017-10-24 17:42:47 [urllib3.connectionpool] DEBUG: Starting new HTTP connection (1): mtl.ttsqgs.com
2017-10-24 17:42:48 [urllib3.connectionpool] DEBUG: http://mtl.ttsqgs.com:80 "GET /images/img/12153/6.jpg HTTP/1.1" 200 386805
2017-10-24 17:42:48 [urllib3.connectionpool] DEBUG: Starting new HTTP connection (1): mtl.ttsqgs.com
2017-10-24 17:42:48 [urllib3.connectionpool] DEBUG: http://mtl.ttsqgs.com:80 "GET /images/img/12153/7.jpg HTTP/1.1" 200 286108
2017-10-24 17:42:48 [urllib3.connectionpool] DEBUG: Starting new HTTP connection (1): mtl.ttsqgs.com
2017-10-24 17:42:48 [urllib3.connectionpool] DEBUG: http://mtl.ttsqgs.com:80 "GET /images/img/12153/8.jpg HTTP/1.1" 200 163107
2017-10-24 17:42:49 [urllib3.connectionpool] DEBUG: Starting new HTTP connection (1): mtl.ttsqgs.com
2017-10-24 17:42:49 [urllib3.connectionpool] DEBUG: http://mtl.ttsqgs.com:80 "GET /images/img/12153/9.jpg HTTP/1.1" 200 361571
2017-10-24 17:42:49 [urllib3.connectionpool] DEBUG: Starting new HTTP connection (1): mtl.ttsqgs.com
2017-10-24 17:42:49 [urllib3.connectionpool] DEBUG: http://mtl.ttsqgs.com:80 "GET /images/img/12153/10.jpg HTTP/1.1" 200 197780
2017-10-24 17:42:49 [urllib3.connectionpool] DEBUG: Starting new HTTP connection (1): mtl.ttsqgs.com
2017-10-24 17:42:49 [urllib3.connectionpool] DEBUG: http://mtl.ttsqgs.com:80 "GET /images/img/12153/11.jpg HTTP/1.1" 200 318215
2017-10-24 17:42:49 [urllib3.connectionpool] DEBUG: Starting new HTTP connection (1): mtl.ttsqgs.com
2017-10-24 17:42:50 [urllib3.connectionpool] DEBUG: http://mtl.ttsqgs.com:80 "GET /images/img/12153/12.jpg HTTP/1.1" 200 286250
2017-10-24 17:42:50 [urllib3.connectionpool] DEBUG: Starting new HTTP connection (1): mtl.ttsqgs.com
2017-10-24 17:42:50 [urllib3.connectionpool] DEBUG: http://mtl.ttsqgs.com:80 "GET /images/img/12153/13.jpg HTTP/1.1" 200 538212
2017-10-24 17:42:50 [urllib3.connectionpool] DEBUG: Starting new HTTP connection (1): mtl.ttsqgs.com
2017-10-24 17:42:50 [urllib3.connectionpool] DEBUG: http://mtl.ttsqgs.com:80 "GET /images/img/12153/14.jpg HTTP/1.1" 200 254193
2017-10-24 17:42:51 [urllib3.connectionpool] DEBUG: Starting new HTTP connection (1): mtl.ttsqgs.com
2017-10-24 17:42:51 [urllib3.connectionpool] DEBUG: http://mtl.ttsqgs.com:80 "GET /images/img/12153/15.jpg HTTP/1.1" 200 137437
2017-10-24 17:42:51 [urllib3.connectionpool] DEBUG: Starting new HTTP connection (1): mtl.ttsqgs.com
2017-10-24 17:42:51 [urllib3.connectionpool] DEBUG: http://mtl.ttsqgs.com:80 "GET /images/img/12153/16.jpg HTTP/1.1" 200 272598
2017-10-24 17:42:51 [urllib3.connectionpool] DEBUG: Starting new HTTP connection (1): mtl.ttsqgs.com
2017-10-24 17:42:51 [urllib3.connectionpool] DEBUG: http://mtl.ttsqgs.com:80 "GET /images/img/12153/17.jpg HTTP/1.1" 200 168327
2017-10-24 17:42:51 [urllib3.connectionpool] DEBUG: Starting new HTTP connection (1): mtl.ttsqgs.com
2017-10-24 17:42:51 [urllib3.connectionpool] DEBUG: http://mtl.ttsqgs.com:80 "GET /images/img/12153/18.jpg HTTP/1.1" 200 330360
2017-10-24 17:42:52 [urllib3.connectionpool] DEBUG: Starting new HTTP connection (1): mtl.ttsqgs.com
2017-10-24 17:42:52 [urllib3.connectionpool] DEBUG: http://mtl.ttsqgs.com:80 "GET /images/img/12153/19.jpg HTTP/1.1" 200 231086
2017-10-24 17:42:52 [urllib3.connectionpool] DEBUG: Starting new HTTP connection (1): mtl.ttsqgs.com
2017-10-24 17:42:52 [urllib3.connectionpool] DEBUG: http://mtl.ttsqgs.com:80 "GET /images/img/12153/20.jpg HTTP/1.1" 200 261611
2017-10-24 17:42:52 [urllib3.connectionpool] DEBUG: Starting new HTTP connection (1): mtl.ttsqgs.com
2017-10-24 17:42:52 [urllib3.connectionpool] DEBUG: http://mtl.ttsqgs.com:80 "GET /images/img/12153/21.jpg HTTP/1.1" 200 200021
2017-10-24 17:42:52 [urllib3.connectionpool] DEBUG: Starting new HTTP connection (1): mtl.ttsqgs.com
2017-10-24 17:42:52 [urllib3.connectionpool] DEBUG: http://mtl.ttsqgs.com:80 "GET /images/img/12153/22.jpg HTTP/1.1" 200 204840
2017-10-24 17:42:52 [urllib3.connectionpool] DEBUG: Starting new HTTP connection (1): mtl.ttsqgs.com
2017-10-24 17:42:52 [urllib3.connectionpool] DEBUG: http://mtl.ttsqgs.com:80 "GET /images/img/12153/23.jpg HTTP/1.1" 200 289367
2017-10-24 17:42:53 [urllib3.connectionpool] DEBUG: Starting new HTTP connection (1): mtl.ttsqgs.com
2017-10-24 17:42:53 [urllib3.connectionpool] DEBUG: http://mtl.ttsqgs.com:80 "GET /images/img/12153/24.jpg HTTP/1.1" 200 322771
2017-10-24 17:42:53 [urllib3.connectionpool] DEBUG: Starting new HTTP connection (1): mtl.ttsqgs.com
2017-10-24 17:42:53 [urllib3.connectionpool] DEBUG: http://mtl.ttsqgs.com:80 "GET /images/img/12153/25.jpg HTTP/1.1" 200 244643
2017-10-24 17:42:53 [urllib3.connectionpool] DEBUG: Starting new HTTP connection (1): mtl.ttsqgs.com
2017-10-24 17:42:53 [urllib3.connectionpool] DEBUG: http://mtl.ttsqgs.com:80 "GET /images/img/12153/26.jpg HTTP/1.1" 200 266914
2017-10-24 17:42:54 [urllib3.connectionpool] DEBUG: Starting new HTTP connection (1): mtl.ttsqgs.com
2017-10-24 17:42:54 [urllib3.connectionpool] DEBUG: http://mtl.ttsqgs.com:80 "GET /images/img/12153/27.jpg HTTP/1.1" 200 147715
2017-10-24 17:42:54 [urllib3.connectionpool] DEBUG: Starting new HTTP connection (1): mtl.ttsqgs.com
2017-10-24 17:42:54 [urllib3.connectionpool] DEBUG: http://mtl.ttsqgs.com:80 "GET /images/img/12153/28.jpg HTTP/1.1" 200 375779
2017-10-24 17:42:54 [urllib3.connectionpool] DEBUG: Starting new HTTP connection (1): mtl.ttsqgs.com
2017-10-24 17:42:54 [urllib3.connectionpool] DEBUG: http://mtl.ttsqgs.com:80 "GET /images/img/12153/29.jpg HTTP/1.1" 200 249122
2017-10-24 17:42:54 [urllib3.connectionpool] DEBUG: Starting new HTTP connection (1): mtl.ttsqgs.com
2017-10-24 17:42:55 [urllib3.connectionpool] DEBUG: http://mtl.ttsqgs.com:80 "GET /images/img/12153/30.jpg HTTP/1.1" 200 186544
2017-10-24 17:42:55 [urllib3.connectionpool] DEBUG: Starting new HTTP connection (1): mtl.ttsqgs.com
2017-10-24 17:42:55 [urllib3.connectionpool] DEBUG: http://mtl.ttsqgs.com:80 "GET /images/img/12153/31.jpg HTTP/1.1" 200 198021
2017-10-24 17:42:55 [urllib3.connectionpool] DEBUG: Starting new HTTP connection (1): mtl.ttsqgs.com
2017-10-24 17:42:55 [urllib3.connectionpool] DEBUG: http://mtl.ttsqgs.com:80 "GET /images/img/12153/32.jpg HTTP/1.1" 200 193769
2017-10-24 17:42:55 [scrapy.core.scraper] DEBUG: Scraped from <200 https://www.meitulu.com/item/12153.html>
{'name': '[Graphis] Gals No.312 木下あずみ/木下和津实 Azumi Kinoshita',
 'num': '32',
 'types': '日韩美女',
 'url': 'http://mtl.ttsqgs.com/images/img/12153/1.jpg'}
2017-10-24 17:42:55 [urllib3.connectionpool] DEBUG: Starting new HTTP connection (1): mtl.ttsqgs.com
2017-10-24 17:42:55 [urllib3.connectionpool] DEBUG: http://mtl.ttsqgs.com:80 "GET /images/img/11835/0.jpg HTTP/1.1" 200 10633
2017-10-24 17:42:55 [urllib3.connectionpool] DEBUG: Starting new HTTP connection (1): mtl.ttsqgs.com
2017-10-24 17:42:55 [urllib3.connectionpool] DEBUG: http://mtl.ttsqgs.com:80 "GET /images/img/11835/1.jpg HTTP/1.1" 200 217682
2017-10-24 17:42:55 [urllib3.connectionpool] DEBUG: Starting new HTTP connection (1): mtl.ttsqgs.com
2017-10-24 17:42:56 [urllib3.connectionpool] DEBUG: http://mtl.ttsqgs.com:80 "GET /images/img/11835/2.jpg HTTP/1.1" 200 182435
2017-10-24 17:42:56 [urllib3.connectionpool] DEBUG: Starting new HTTP connection (1): mtl.ttsqgs.com
2017-10-24 17:42:56 [urllib3.connectionpool] DEBUG: http://mtl.ttsqgs.com:80 "GET /images/img/11835/3.jpg HTTP/1.1" 200 220397
2017-10-24 17:42:56 [urllib3.connectionpool] DEBUG: Starting new HTTP connection (1): mtl.ttsqgs.com
2017-10-24 17:42:56 [urllib3.connectionpool] DEBUG: http://mtl.ttsqgs.com:80 "GET /images/img/11835/4.jpg HTTP/1.1" 200 215477
2017-10-24 17:42:56 [urllib3.connectionpool] DEBUG: Starting new HTTP connection (1): mtl.ttsqgs.com
2017-10-24 17:42:56 [urllib3.connectionpool] DEBUG: http://mtl.ttsqgs.com:80 "GET /images/img/11835/5.jpg HTTP/1.1" 200 242776
2017-10-24 17:42:56 [urllib3.connectionpool] DEBUG: Starting new HTTP connection (1): mtl.ttsqgs.com
2017-10-24 17:42:57 [urllib3.connectionpool] DEBUG: http://mtl.ttsqgs.com:80 "GET /images/img/11835/6.jpg HTTP/1.1" 200 234004
2017-10-24 17:42:57 [urllib3.connectionpool] DEBUG: Starting new HTTP connection (1): mtl.ttsqgs.com
2017-10-24 17:42:57 [urllib3.connectionpool] DEBUG: http://mtl.ttsqgs.com:80 "GET /images/img/11835/7.jpg HTTP/1.1" 200 226235
2017-10-24 17:42:58 [urllib3.connectionpool] DEBUG: Starting new HTTP connection (1): mtl.ttsqgs.com
2017-10-24 17:42:58 [urllib3.connectionpool] DEBUG: http://mtl.ttsqgs.com:80 "GET /images/img/11835/8.jpg HTTP/1.1" 200 242096
2017-10-24 17:42:58 [urllib3.connectionpool] DEBUG: Starting new HTTP connection (1): mtl.ttsqgs.com
2017-10-24 17:42:59 [urllib3.connectionpool] DEBUG: http://mtl.ttsqgs.com:80 "GET /images/img/11835/9.jpg HTTP/1.1" 200 246851
2017-10-24 17:42:59 [urllib3.connectionpool] DEBUG: Starting new HTTP connection (1): mtl.ttsqgs.com
2017-10-24 17:42:59 [urllib3.connectionpool] DEBUG: http://mtl.ttsqgs.com:80 "GET /images/img/11835/10.jpg HTTP/1.1" 200 253012
2017-10-24 17:43:00 [urllib3.connectionpool] DEBUG: Starting new HTTP connection (1): mtl.ttsqgs.com
2017-10-24 17:43:00 [urllib3.connectionpool] DEBUG: http://mtl.ttsqgs.com:80 "GET /images/img/11835/11.jpg HTTP/1.1" 200 244927
2017-10-24 17:43:00 [urllib3.connectionpool] DEBUG: Starting new HTTP connection (1): mtl.ttsqgs.com
2017-10-24 17:43:00 [urllib3.connectionpool] DEBUG: http://mtl.ttsqgs.com:80 "GET /images/img/11835/12.jpg HTTP/1.1" 200 225810
2017-10-24 17:43:00 [urllib3.connectionpool] DEBUG: Starting new HTTP connection (1): mtl.ttsqgs.com
2017-10-24 17:43:00 [urllib3.connectionpool] DEBUG: http://mtl.ttsqgs.com:80 "GET /images/img/11835/13.jpg HTTP/1.1" 200 233932
2017-10-24 17:43:01 [urllib3.connectionpool] DEBUG: Starting new HTTP connection (1): mtl.ttsqgs.com
2017-10-24 17:43:01 [urllib3.connectionpool] DEBUG: http://mtl.ttsqgs.com:80 "GET /images/img/11835/14.jpg HTTP/1.1" 200 235446
2017-10-24 17:43:01 [urllib3.connectionpool] DEBUG: Starting new HTTP connection (1): mtl.ttsqgs.com
2017-10-24 17:43:01 [urllib3.connectionpool] DEBUG: http://mtl.ttsqgs.com:80 "GET /images/img/11835/15.jpg HTTP/1.1" 200 235673
2017-10-24 17:43:01 [urllib3.connectionpool] DEBUG: Starting new HTTP connection (1): mtl.ttsqgs.com
2017-10-24 17:43:01 [urllib3.connectionpool] DEBUG: http://mtl.ttsqgs.com:80 "GET /images/img/11835/16.jpg HTTP/1.1" 200 229042
2017-10-24 17:43:02 [urllib3.connectionpool] DEBUG: Starting new HTTP connection (1): mtl.ttsqgs.com
2017-10-24 17:43:02 [urllib3.connectionpool] DEBUG: http://mtl.ttsqgs.com:80 "GET /images/img/11835/17.jpg HTTP/1.1" 200 251122
2017-10-24 17:43:02 [urllib3.connectionpool] DEBUG: Starting new HTTP connection (1): mtl.ttsqgs.com
2017-10-24 17:43:02 [urllib3.connectionpool] DEBUG: http://mtl.ttsqgs.com:80 "GET /images/img/11835/18.jpg HTTP/1.1" 200 301669
2017-10-24 17:43:03 [urllib3.connectionpool] DEBUG: Starting new HTTP connection (1): mtl.ttsqgs.com
2017-10-24 17:43:03 [urllib3.connectionpool] DEBUG: http://mtl.ttsqgs.com:80 "GET /images/img/11835/19.jpg HTTP/1.1" 200 275208
2017-10-24 17:43:04 [urllib3.connectionpool] DEBUG: Starting new HTTP connection (1): mtl.ttsqgs.com
2017-10-24 17:43:04 [urllib3.connectionpool] DEBUG: http://mtl.ttsqgs.com:80 "GET /images/img/11835/20.jpg HTTP/1.1" 200 269684
2017-10-24 17:43:04 [urllib3.connectionpool] DEBUG: Starting new HTTP connection (1): mtl.ttsqgs.com
2017-10-24 17:43:04 [urllib3.connectionpool] DEBUG: http://mtl.ttsqgs.com:80 "GET /images/img/11835/21.jpg HTTP/1.1" 200 186032
2017-10-24 17:43:04 [urllib3.connectionpool] DEBUG: Starting new HTTP connection (1): mtl.ttsqgs.com
2017-10-24 17:43:05 [urllib3.connectionpool] DEBUG: http://mtl.ttsqgs.com:80 "GET /images/img/11835/22.jpg HTTP/1.1" 200 206524
2017-10-24 17:43:05 [urllib3.connectionpool] DEBUG: Starting new HTTP connection (1): mtl.ttsqgs.com
2017-10-24 17:43:05 [urllib3.connectionpool] DEBUG: http://mtl.ttsqgs.com:80 "GET /images/img/11835/23.jpg HTTP/1.1" 200 223385
2017-10-24 17:43:05 [urllib3.connectionpool] DEBUG: Starting new HTTP connection (1): mtl.ttsqgs.com
2017-10-24 17:43:05 [urllib3.connectionpool] DEBUG: http://mtl.ttsqgs.com:80 "GET /images/img/11835/24.jpg HTTP/1.1" 200 210426
2017-10-24 17:43:06 [urllib3.connectionpool] DEBUG: Starting new HTTP connection (1): mtl.ttsqgs.com
2017-10-24 17:43:06 [urllib3.connectionpool] DEBUG: http://mtl.ttsqgs.com:80 "GET /images/img/11835/25.jpg HTTP/1.1" 200 214019
2017-10-24 17:43:06 [urllib3.connectionpool] DEBUG: Starting new HTTP connection (1): mtl.ttsqgs.com
2017-10-24 17:43:06 [urllib3.connectionpool] DEBUG: http://mtl.ttsqgs.com:80 "GET /images/img/11835/26.jpg HTTP/1.1" 200 211037
2017-10-24 17:43:06 [urllib3.connectionpool] DEBUG: Starting new HTTP connection (1): mtl.ttsqgs.com
2017-10-24 17:43:06 [urllib3.connectionpool] DEBUG: http://mtl.ttsqgs.com:80 "GET /images/img/11835/27.jpg HTTP/1.1" 200 230289
2017-10-24 17:43:06 [urllib3.connectionpool] DEBUG: Starting new HTTP connection (1): mtl.ttsqgs.com
2017-10-24 17:43:06 [urllib3.connectionpool] DEBUG: http://mtl.ttsqgs.com:80 "GET /images/img/11835/28.jpg HTTP/1.1" 200 225045
2017-10-24 17:43:07 [urllib3.connectionpool] DEBUG: Starting new HTTP connection (1): mtl.ttsqgs.com
2017-10-24 17:43:07 [urllib3.connectionpool] DEBUG: http://mtl.ttsqgs.com:80 "GET /images/img/11835/29.jpg HTTP/1.1" 200 218023
2017-10-24 17:43:07 [urllib3.connectionpool] DEBUG: Starting new HTTP connection (1): mtl.ttsqgs.com
2017-10-24 17:43:07 [urllib3.connectionpool] DEBUG: http://mtl.ttsqgs.com:80 "GET /images/img/11835/30.jpg HTTP/1.1" 200 215630
2017-10-24 17:43:07 [urllib3.connectionpool] DEBUG: Starting new HTTP connection (1): mtl.ttsqgs.com
2017-10-24 17:43:07 [urllib3.connectionpool] DEBUG: http://mtl.ttsqgs.com:80 "GET /images/img/11835/31.jpg HTTP/1.1" 200 219834
2017-10-24 17:43:07 [urllib3.connectionpool] DEBUG: Starting new HTTP connection (1): mtl.ttsqgs.com
2017-10-24 17:43:07 [urllib3.connectionpool] DEBUG: http://mtl.ttsqgs.com:80 "GET /images/img/11835/32.jpg HTTP/1.1" 200 219378
2017-10-24 17:43:07 [urllib3.connectionpool] DEBUG: Starting new HTTP connection (1): mtl.ttsqgs.com
2017-10-24 17:43:08 [urllib3.connectionpool] DEBUG: http://mtl.ttsqgs.com:80 "GET /images/img/11835/33.jpg HTTP/1.1" 200 207599
2017-10-24 17:43:08 [urllib3.connectionpool] DEBUG: Starting new HTTP connection (1): mtl.ttsqgs.com
2017-10-24 17:43:08 [urllib3.connectionpool] DEBUG: http://mtl.ttsqgs.com:80 "GET /images/img/11835/34.jpg HTTP/1.1" 200 220620
2017-10-24 17:43:08 [urllib3.connectionpool] DEBUG: Starting new HTTP connection (1): mtl.ttsqgs.com
2017-10-24 17:43:08 [urllib3.connectionpool] DEBUG: http://mtl.ttsqgs.com:80 "GET /images/img/11835/35.jpg HTTP/1.1" 200 341657
2017-10-24 17:43:08 [urllib3.connectionpool] DEBUG: Starting new HTTP connection (1): mtl.ttsqgs.com
2017-10-24 17:43:08 [urllib3.connectionpool] DEBUG: http://mtl.ttsqgs.com:80 "GET /images/img/11835/36.jpg HTTP/1.1" 200 340841
2017-10-24 17:43:09 [urllib3.connectionpool] DEBUG: Starting new HTTP connection (1): mtl.ttsqgs.com
2017-10-24 17:43:09 [urllib3.connectionpool] DEBUG: http://mtl.ttsqgs.com:80 "GET /images/img/11835/37.jpg HTTP/1.1" 200 414676
2017-10-24 17:43:09 [urllib3.connectionpool] DEBUG: Starting new HTTP connection (1): mtl.ttsqgs.com
2017-10-24 17:43:09 [urllib3.connectionpool] DEBUG: http://mtl.ttsqgs.com:80 "GET /images/img/11835/38.jpg HTTP/1.1" 200 385092
2017-10-24 17:43:09 [urllib3.connectionpool] DEBUG: Starting new HTTP connection (1): mtl.ttsqgs.com
2017-10-24 17:43:09 [urllib3.connectionpool] DEBUG: http://mtl.ttsqgs.com:80 "GET /images/img/11835/39.jpg HTTP/1.1" 200 380372
2017-10-24 17:43:10 [urllib3.connectionpool] DEBUG: Starting new HTTP connection (1): mtl.ttsqgs.com
2017-10-24 17:43:10 [urllib3.connectionpool] DEBUG: http://mtl.ttsqgs.com:80 "GET /images/img/11835/40.jpg HTTP/1.1" 200 288808
2017-10-24 17:43:10 [urllib3.connectionpool] DEBUG: Starting new HTTP connection (1): mtl.ttsqgs.com
2017-10-24 17:43:10 [urllib3.connectionpool] DEBUG: http://mtl.ttsqgs.com:80 "GET /images/img/11835/41.jpg HTTP/1.1" 200 288777
2017-10-24 17:43:10 [urllib3.connectionpool] DEBUG: Starting new HTTP connection (1): mtl.ttsqgs.com
2017-10-24 17:43:10 [urllib3.connectionpool] DEBUG: http://mtl.ttsqgs.com:80 "GET /images/img/11835/42.jpg HTTP/1.1" 200 272831
2017-10-24 17:43:10 [urllib3.connectionpool] DEBUG: Starting new HTTP connection (1): mtl.ttsqgs.com
2017-10-24 17:43:11 [urllib3.connectionpool] DEBUG: http://mtl.ttsqgs.com:80 "GET /images/img/11835/43.jpg HTTP/1.1" 200 251163
2017-10-24 17:43:11 [urllib3.connectionpool] DEBUG: Starting new HTTP connection (1): mtl.ttsqgs.com
2017-10-24 17:43:11 [urllib3.connectionpool] DEBUG: http://mtl.ttsqgs.com:80 "GET /images/img/11835/44.jpg HTTP/1.1" 200 298803
2017-10-24 17:43:11 [urllib3.connectionpool] DEBUG: Starting new HTTP connection (1): mtl.ttsqgs.com
2017-10-24 17:43:11 [urllib3.connectionpool] DEBUG: http://mtl.ttsqgs.com:80 "GET /images/img/11835/45.jpg HTTP/1.1" 200 341116
2017-10-24 17:43:11 [scrapy.core.scraper] DEBUG: Scraped from <200 https://www.meitulu.com/item/11835.html>
{'name': '[花漾SHOW] VOL.002 王雨纯 写真套图',
 'num': '45',
 'types': '国产美女',
 'url': 'http://mtl.ttsqgs.com/images/img/11835/1.jpg'}
2017-10-24 17:43:11 [scrapy_redis.dupefilter] DEBUG: Filtered duplicate request: <GET https://www.meitulu.com/guochan/4.html>
2017-10-24 17:43:11 [scrapy_redis.dupefilter] DEBUG: Filtered duplicate request: <GET https://www.meitulu.com/rihan/>
2017-10-24 17:43:11 [scrapy_redis.dupefilter] DEBUG: Filtered duplicate request: <GET https://www.meitulu.com/rihan/5.html>
2017-10-24 17:43:11 [scrapy_redis.dupefilter] DEBUG: Filtered duplicate request: <GET https://www.meitulu.com/guochan/8.html>
2017-10-24 17:43:11 [scrapy_redis.dupefilter] DEBUG: Filtered duplicate request: <GET https://www.meitulu.com/gangtai/4.html>
2017-10-24 17:43:12 [scrapy_redis.dupefilter] DEBUG: Filtered duplicate request: <GET https://www.meitulu.com/gangtai/5.html>
2017-10-24 17:43:12 [scrapy_redis.dupefilter] DEBUG: Filtered duplicate request: <GET https://www.meitulu.com/gangtai/6.html>
2017-10-24 17:43:12 [scrapy_redis.dupefilter] DEBUG: Filtered duplicate request: <GET https://www.meitulu.com/rihan/10.html>
2017-10-24 17:43:12 [scrapy_redis.dupefilter] DEBUG: Filtered duplicate request: <GET https://www.meitulu.com/rihan/10.html>
2017-10-24 17:43:12 [scrapy_redis.dupefilter] DEBUG: Filtered duplicate request: <GET https://www.meitulu.com/rihan/11.html>
2017-10-24 17:43:12 [scrapy_redis.dupefilter] DEBUG: Filtered duplicate request: <GET https://www.meitulu.com/gangtai/9.html>
2017-10-24 17:43:12 [scrapy_redis.dupefilter] DEBUG: Filtered duplicate request: <GET https://www.meitulu.com/rihan/8.html>
2017-10-24 17:43:12 [scrapy_redis.dupefilter] DEBUG: Filtered duplicate request: <GET https://www.meitulu.com/rihan/9.html>
2017-10-24 17:43:12 [scrapy_redis.dupefilter] DEBUG: Filtered duplicate request: <GET https://www.meitulu.com/item/11629.html>
2017-10-24 17:43:12 [scrapy_redis.dupefilter] DEBUG: Filtered duplicate request: <GET https://www.meitulu.com/gangtai/9.html>
2017-10-24 17:43:12 [scrapy_redis.dupefilter] DEBUG: Filtered duplicate request: <GET https://www.meitulu.com/gangtai/10.html>
2017-10-24 17:43:12 [scrapy_redis.dupefilter] DEBUG: Filtered duplicate request: <GET https://www.meitulu.com/guochan/10.html>
2017-10-24 17:43:12 [scrapy_redis.dupefilter] DEBUG: Filtered duplicate request: <GET https://www.meitulu.com/guochan/103.html>
2017-10-24 17:43:12 [scrapy_redis.dupefilter] DEBUG: Filtered duplicate request: <GET https://www.meitulu.com/item/11828.html>
2017-10-24 17:43:12 [scrapy_redis.dupefilter] DEBUG: Filtered duplicate request: <GET https://www.meitulu.com/item/11827.html>
2017-10-24 17:43:12 [scrapy_redis.dupefilter] DEBUG: Filtered duplicate request: <GET https://www.meitulu.com/guochan/103.html>
2017-10-24 17:43:12 [scrapy_redis.dupefilter] DEBUG: Filtered duplicate request: <GET https://www.meitulu.com/item/12147.html>
2017-10-24 17:43:12 [scrapy.core.engine] DEBUG: Crawled (200) <GET https://www.meitulu.com/item/11833.html> (referer: https://www.meitulu.com/guochan/)
2017-10-24 17:43:12 [scrapy.core.engine] DEBUG: Crawled (200) <GET https://www.meitulu.com/item/12150.html> (referer: https://www.meitulu.com/rihan/)
2017-10-24 17:43:12 [scrapy.core.engine] DEBUG: Crawled (200) <GET https://www.meitulu.com/item/11627.html> (referer: https://www.meitulu.com/gangtai/)
2017-10-24 17:43:12 [scrapy.core.engine] DEBUG: Crawled (200) <GET https://www.meitulu.com/item/11832.html> (referer: https://www.meitulu.com/guochan/)
2017-10-24 17:43:12 [scrapy.core.engine] DEBUG: Crawled (200) <GET https://www.meitulu.com/item/12149.html> (referer: https://www.meitulu.com/rihan/)
2017-10-24 17:43:12 [urllib3.connectionpool] DEBUG: Starting new HTTP connection (1): mtl.ttsqgs.com
2017-10-24 17:43:12 [urllib3.connectionpool] DEBUG: http://mtl.ttsqgs.com:80 "GET /images/img/12152/0.jpg HTTP/1.1" 200 13750
2017-10-24 17:43:12 [urllib3.connectionpool] DEBUG: Starting new HTTP connection (1): mtl.ttsqgs.com
2017-10-24 17:43:13 [urllib3.connectionpool] DEBUG: http://mtl.ttsqgs.com:80 "GET /images/img/12152/1.jpg HTTP/1.1" 200 230793
2017-10-24 17:43:13 [urllib3.connectionpool] DEBUG: Starting new HTTP connection (1): mtl.ttsqgs.com
2017-10-24 17:43:13 [urllib3.connectionpool] DEBUG: http://mtl.ttsqgs.com:80 "GET /images/img/12152/2.jpg HTTP/1.1" 200 302929
2017-10-24 17:43:13 [urllib3.connectionpool] DEBUG: Starting new HTTP connection (1): mtl.ttsqgs.com
2017-10-24 17:43:13 [urllib3.connectionpool] DEBUG: http://mtl.ttsqgs.com:80 "GET /images/img/12152/3.jpg HTTP/1.1" 200 197575
2017-10-24 17:43:13 [urllib3.connectionpool] DEBUG: Starting new HTTP connection (1): mtl.ttsqgs.com
2017-10-24 17:43:13 [urllib3.connectionpool] DEBUG: http://mtl.ttsqgs.com:80 "GET /images/img/12152/4.jpg HTTP/1.1" 200 246945
2017-10-24 17:43:14 [urllib3.connectionpool] DEBUG: Starting new HTTP connection (1): mtl.ttsqgs.com
2017-10-24 17:43:14 [urllib3.connectionpool] DEBUG: http://mtl.ttsqgs.com:80 "GET /images/img/12152/5.jpg HTTP/1.1" 200 323724
2017-10-24 17:43:14 [urllib3.connectionpool] DEBUG: Starting new HTTP connection (1): mtl.ttsqgs.com
2017-10-24 17:43:14 [urllib3.connectionpool] DEBUG: http://mtl.ttsqgs.com:80 "GET /images/img/12152/6.jpg HTTP/1.1" 200 197454
2017-10-24 17:43:14 [urllib3.connectionpool] DEBUG: Starting new HTTP connection (1): mtl.ttsqgs.com
2017-10-24 17:43:14 [urllib3.connectionpool] DEBUG: http://mtl.ttsqgs.com:80 "GET /images/img/12152/7.jpg HTTP/1.1" 200 302910
2017-10-24 17:43:14 [urllib3.connectionpool] DEBUG: Starting new HTTP connection (1): mtl.ttsqgs.com
2017-10-24 17:43:14 [urllib3.connectionpool] DEBUG: http://mtl.ttsqgs.com:80 "GET /images/img/12152/8.jpg HTTP/1.1" 200 208968
2017-10-24 17:43:15 [urllib3.connectionpool] DEBUG: Starting new HTTP connection (1): mtl.ttsqgs.com
2017-10-24 17:43:15 [urllib3.connectionpool] DEBUG: http://mtl.ttsqgs.com:80 "GET /images/img/12152/9.jpg HTTP/1.1" 200 226467
2017-10-24 17:43:15 [urllib3.connectionpool] DEBUG: Starting new HTTP connection (1): mtl.ttsqgs.com
2017-10-24 17:43:15 [urllib3.connectionpool] DEBUG: http://mtl.ttsqgs.com:80 "GET /images/img/12152/10.jpg HTTP/1.1" 200 300345
2017-10-24 17:43:15 [urllib3.connectionpool] DEBUG: Starting new HTTP connection (1): mtl.ttsqgs.com
2017-10-24 17:43:15 [urllib3.connectionpool] DEBUG: http://mtl.ttsqgs.com:80 "GET /images/img/12152/11.jpg HTTP/1.1" 200 341280
2017-10-24 17:43:16 [urllib3.connectionpool] DEBUG: Starting new HTTP connection (1): mtl.ttsqgs.com
2017-10-24 17:43:16 [urllib3.connectionpool] DEBUG: http://mtl.ttsqgs.com:80 "GET /images/img/12152/12.jpg HTTP/1.1" 200 211011
2017-10-24 17:43:16 [urllib3.connectionpool] DEBUG: Starting new HTTP connection (1): mtl.ttsqgs.com
2017-10-24 17:43:16 [urllib3.connectionpool] DEBUG: http://mtl.ttsqgs.com:80 "GET /images/img/12152/13.jpg HTTP/1.1" 200 128618
2017-10-24 17:43:17 [urllib3.connectionpool] DEBUG: Starting new HTTP connection (1): mtl.ttsqgs.com
2017-10-24 17:43:17 [urllib3.connectionpool] DEBUG: http://mtl.ttsqgs.com:80 "GET /images/img/12152/14.jpg HTTP/1.1" 200 286577
2017-10-24 17:43:17 [urllib3.connectionpool] DEBUG: Starting new HTTP connection (1): mtl.ttsqgs.com
2017-10-24 17:43:17 [urllib3.connectionpool] DEBUG: http://mtl.ttsqgs.com:80 "GET /images/img/12152/15.jpg HTTP/1.1" 200 313940
2017-10-24 17:43:18 [urllib3.connectionpool] DEBUG: Starting new HTTP connection (1): mtl.ttsqgs.com
2017-10-24 17:43:18 [urllib3.connectionpool] DEBUG: http://mtl.ttsqgs.com:80 "GET /images/img/12152/16.jpg HTTP/1.1" 200 290619
2017-10-24 17:43:18 [urllib3.connectionpool] DEBUG: Starting new HTTP connection (1): mtl.ttsqgs.com
2017-10-24 17:43:18 [urllib3.connectionpool] DEBUG: http://mtl.ttsqgs.com:80 "GET /images/img/12152/17.jpg HTTP/1.1" 200 382314
2017-10-24 17:43:19 [urllib3.connectionpool] DEBUG: Starting new HTTP connection (1): mtl.ttsqgs.com
2017-10-24 17:43:19 [urllib3.connectionpool] DEBUG: http://mtl.ttsqgs.com:80 "GET /images/img/12152/18.jpg HTTP/1.1" 200 257002
2017-10-24 17:43:19 [urllib3.connectionpool] DEBUG: Starting new HTTP connection (1): mtl.ttsqgs.com
2017-10-24 17:43:19 [urllib3.connectionpool] DEBUG: http://mtl.ttsqgs.com:80 "GET /images/img/12152/19.jpg HTTP/1.1" 200 189404
2017-10-24 17:43:19 [urllib3.connectionpool] DEBUG: Starting new HTTP connection (1): mtl.ttsqgs.com
2017-10-24 17:43:19 [urllib3.connectionpool] DEBUG: http://mtl.ttsqgs.com:80 "GET /images/img/12152/20.jpg HTTP/1.1" 200 222151
2017-10-24 17:43:19 [urllib3.connectionpool] DEBUG: Starting new HTTP connection (1): mtl.ttsqgs.com
2017-10-24 17:43:20 [urllib3.connectionpool] DEBUG: http://mtl.ttsqgs.com:80 "GET /images/img/12152/21.jpg HTTP/1.1" 200 313891
2017-10-24 17:43:20 [scrapy.core.scraper] DEBUG: Scraped from <200 https://www.meitulu.com/item/12152.html>
{'name': ' [Graphis] Gals No.311 上原亜衣 Ai Uehara',
 'num': '21',
 'types': '日韩美女',
 'url': 'http://mtl.ttsqgs.com/images/img/12152/1.jpg'}
2017-10-24 17:43:20 [urllib3.connectionpool] DEBUG: Starting new HTTP connection (1): mtl.ttsqgs.com
2017-10-24 17:43:20 [urllib3.connectionpool] DEBUG: http://mtl.ttsqgs.com:80 "GET /images/img/11629/0.jpg HTTP/1.1" 200 13348
2017-10-24 17:43:20 [urllib3.connectionpool] DEBUG: Starting new HTTP connection (1): mtl.ttsqgs.com
2017-10-24 17:43:21 [urllib3.connectionpool] DEBUG: http://mtl.ttsqgs.com:80 "GET /images/img/11629/1.jpg HTTP/1.1" 200 706925
2017-10-24 17:43:22 [urllib3.connectionpool] DEBUG: Starting new HTTP connection (1): mtl.ttsqgs.com
2017-10-24 17:43:22 [urllib3.connectionpool] DEBUG: http://mtl.ttsqgs.com:80 "GET /images/img/11629/2.jpg HTTP/1.1" 200 686641
2017-10-24 17:43:23 [urllib3.connectionpool] DEBUG: Starting new HTTP connection (1): mtl.ttsqgs.com
2017-10-24 17:43:23 [urllib3.connectionpool] DEBUG: http://mtl.ttsqgs.com:80 "GET /images/img/11629/3.jpg HTTP/1.1" 200 746964
2017-10-24 17:43:24 [urllib3.connectionpool] DEBUG: Starting new HTTP connection (1): mtl.ttsqgs.com
2017-10-24 17:43:24 [urllib3.connectionpool] DEBUG: http://mtl.ttsqgs.com:80 "GET /images/img/11629/4.jpg HTTP/1.1" 200 691238
2017-10-24 17:43:24 [urllib3.connectionpool] DEBUG: Starting new HTTP connection (1): mtl.ttsqgs.com
2017-10-24 17:43:24 [urllib3.connectionpool] DEBUG: http://mtl.ttsqgs.com:80 "GET /images/img/11629/5.jpg HTTP/1.1" 200 700711
2017-10-24 17:43:25 [urllib3.connectionpool] DEBUG: Starting new HTTP connection (1): mtl.ttsqgs.com
2017-10-24 17:43:25 [urllib3.connectionpool] DEBUG: http://mtl.ttsqgs.com:80 "GET /images/img/11629/6.jpg HTTP/1.1" 200 578439
2017-10-24 17:43:25 [urllib3.connectionpool] DEBUG: Starting new HTTP connection (1): mtl.ttsqgs.com
2017-10-24 17:43:25 [urllib3.connectionpool] DEBUG: http://mtl.ttsqgs.com:80 "GET /images/img/11629/7.jpg HTTP/1.1" 200 579091
2017-10-24 17:43:26 [urllib3.connectionpool] DEBUG: Starting new HTTP connection (1): mtl.ttsqgs.com
2017-10-24 17:43:26 [urllib3.connectionpool] DEBUG: http://mtl.ttsqgs.com:80 "GET /images/img/11629/8.jpg HTTP/1.1" 200 641078
2017-10-24 17:43:26 [urllib3.connectionpool] DEBUG: Starting new HTTP connection (1): mtl.ttsqgs.com
2017-10-24 17:43:26 [urllib3.connectionpool] DEBUG: http://mtl.ttsqgs.com:80 "GET /images/img/11629/9.jpg HTTP/1.1" 200 601793
2017-10-24 17:43:27 [urllib3.connectionpool] DEBUG: Starting new HTTP connection (1): mtl.ttsqgs.com
2017-10-24 17:43:27 [urllib3.connectionpool] DEBUG: http://mtl.ttsqgs.com:80 "GET /images/img/11629/10.jpg HTTP/1.1" 200 629621
2017-10-24 17:43:28 [urllib3.connectionpool] DEBUG: Starting new HTTP connection (1): mtl.ttsqgs.com
2017-10-24 17:43:28 [urllib3.connectionpool] DEBUG: http://mtl.ttsqgs.com:80 "GET /images/img/11629/11.jpg HTTP/1.1" 200 553718
2017-10-24 17:43:29 [urllib3.connectionpool] DEBUG: Starting new HTTP connection (1): mtl.ttsqgs.com
2017-10-24 17:43:29 [urllib3.connectionpool] DEBUG: http://mtl.ttsqgs.com:80 "GET /images/img/11629/12.jpg HTTP/1.1" 200 670713
2017-10-24 17:43:29 [urllib3.connectionpool] DEBUG: Starting new HTTP connection (1): mtl.ttsqgs.com
2017-10-24 17:43:30 [urllib3.connectionpool] DEBUG: http://mtl.ttsqgs.com:80 "GET /images/img/11629/13.jpg HTTP/1.1" 200 629404
2017-10-24 17:43:31 [urllib3.connectionpool] DEBUG: Starting new HTTP connection (1): mtl.ttsqgs.com
2017-10-24 17:43:31 [urllib3.connectionpool] DEBUG: http://mtl.ttsqgs.com:80 "GET /images/img/11629/14.jpg HTTP/1.1" 200 580545
2017-10-24 17:43:32 [urllib3.connectionpool] DEBUG: Starting new HTTP connection (1): mtl.ttsqgs.com
2017-10-24 17:43:32 [urllib3.connectionpool] DEBUG: http://mtl.ttsqgs.com:80 "GET /images/img/11629/15.jpg HTTP/1.1" 200 713022
2017-10-24 17:43:33 [urllib3.connectionpool] DEBUG: Starting new HTTP connection (1): mtl.ttsqgs.com
2017-10-24 17:43:33 [urllib3.connectionpool] DEBUG: http://mtl.ttsqgs.com:80 "GET /images/img/11629/16.jpg HTTP/1.1" 200 632760
2017-10-24 17:43:34 [urllib3.connectionpool] DEBUG: Starting new HTTP connection (1): mtl.ttsqgs.com
2017-10-24 17:43:34 [urllib3.connectionpool] DEBUG: http://mtl.ttsqgs.com:80 "GET /images/img/11629/17.jpg HTTP/1.1" 200 619118
2017-10-24 17:43:35 [urllib3.connectionpool] DEBUG: Starting new HTTP connection (1): mtl.ttsqgs.com
2017-10-24 17:43:35 [urllib3.connectionpool] DEBUG: http://mtl.ttsqgs.com:80 "GET /images/img/11629/18.jpg HTTP/1.1" 200 674556
2017-10-24 17:43:36 [urllib3.connectionpool] DEBUG: Starting new HTTP connection (1): mtl.ttsqgs.com
2017-10-24 17:43:36 [urllib3.connectionpool] DEBUG: http://mtl.ttsqgs.com:80 "GET /images/img/11629/19.jpg HTTP/1.1" 200 744808
2017-10-24 17:43:37 [urllib3.connectionpool] DEBUG: Starting new HTTP connection (1): mtl.ttsqgs.com
2017-10-24 17:43:37 [urllib3.connectionpool] DEBUG: http://mtl.ttsqgs.com:80 "GET /images/img/11629/20.jpg HTTP/1.1" 200 752261
2017-10-24 17:43:38 [urllib3.connectionpool] DEBUG: Starting new HTTP connection (1): mtl.ttsqgs.com
2017-10-24 17:43:38 [urllib3.connectionpool] DEBUG: http://mtl.ttsqgs.com:80 "GET /images/img/11629/21.jpg HTTP/1.1" 200 602450
2017-10-24 17:43:39 [urllib3.connectionpool] DEBUG: Starting new HTTP connection (1): mtl.ttsqgs.com
2017-10-24 17:43:39 [urllib3.connectionpool] DEBUG: http://mtl.ttsqgs.com:80 "GET /images/img/11629/22.jpg HTTP/1.1" 200 599184
2017-10-24 17:43:40 [urllib3.connectionpool] DEBUG: Starting new HTTP connection (1): mtl.ttsqgs.com
2017-10-24 17:43:40 [urllib3.connectionpool] DEBUG: http://mtl.ttsqgs.com:80 "GET /images/img/11629/23.jpg HTTP/1.1" 200 625335
2017-10-24 17:43:41 [scrapy.crawler] INFO: Received SIG_UNBLOCK, shutting down gracefully. Send again to force 
2017-10-24 17:43:41 [urllib3.connectionpool] DEBUG: Starting new HTTP connection (1): mtl.ttsqgs.com
2017-10-24 17:43:41 [scrapy.crawler] INFO: Received SIG_UNBLOCK twice, forcing unclean shutdown
2017-10-24 17:43:41 [urllib3.connectionpool] DEBUG: http://mtl.ttsqgs.com:80 "GET /images/img/11629/24.jpg HTTP/1.1" 200 251324
2017-10-24 17:43:42 [urllib3.connectionpool] DEBUG: Starting new HTTP connection (1): mtl.ttsqgs.com
2017-10-24 17:43:42 [urllib3.connectionpool] DEBUG: http://mtl.ttsqgs.com:80 "GET /images/img/11629/25.jpg HTTP/1.1" 200 257791
2017-10-24 17:43:43 [urllib3.connectionpool] DEBUG: Starting new HTTP connection (1): mtl.ttsqgs.com
2017-10-24 17:43:43 [urllib3.connectionpool] DEBUG: http://mtl.ttsqgs.com:80 "GET /images/img/11629/26.jpg HTTP/1.1" 200 255626
2017-10-24 17:43:43 [urllib3.connectionpool] DEBUG: Starting new HTTP connection (1): mtl.ttsqgs.com
2017-10-24 17:43:43 [urllib3.connectionpool] DEBUG: http://mtl.ttsqgs.com:80 "GET /images/img/11629/27.jpg HTTP/1.1" 200 258221
2017-10-24 17:43:44 [urllib3.connectionpool] DEBUG: Starting new HTTP connection (1): mtl.ttsqgs.com
2017-10-24 17:43:44 [urllib3.connectionpool] DEBUG: http://mtl.ttsqgs.com:80 "GET /images/img/11629/28.jpg HTTP/1.1" 200 253290
2017-10-24 17:43:44 [urllib3.connectionpool] DEBUG: Starting new HTTP connection (1): mtl.ttsqgs.com
2017-10-24 17:43:44 [urllib3.connectionpool] DEBUG: http://mtl.ttsqgs.com:80 "GET /images/img/11629/29.jpg HTTP/1.1" 200 247762
2017-10-24 17:43:45 [urllib3.connectionpool] DEBUG: Starting new HTTP connection (1): mtl.ttsqgs.com
2017-10-24 17:43:45 [urllib3.connectionpool] DEBUG: http://mtl.ttsqgs.com:80 "GET /images/img/11629/30.jpg HTTP/1.1" 200 311935
2017-10-24 17:43:46 [urllib3.connectionpool] DEBUG: Starting new HTTP connection (1): mtl.ttsqgs.com
2017-10-24 17:43:46 [urllib3.connectionpool] DEBUG: http://mtl.ttsqgs.com:80 "GET /images/img/11629/31.jpg HTTP/1.1" 200 364909
2017-10-24 17:43:47 [urllib3.connectionpool] DEBUG: Starting new HTTP connection (1): mtl.ttsqgs.com
2017-10-24 17:43:47 [urllib3.connectionpool] DEBUG: http://mtl.ttsqgs.com:80 "GET /images/img/11629/32.jpg HTTP/1.1" 200 341584
2017-10-24 17:43:48 [urllib3.connectionpool] DEBUG: Starting new HTTP connection (1): mtl.ttsqgs.com
2017-10-24 17:43:48 [urllib3.connectionpool] DEBUG: http://mtl.ttsqgs.com:80 "GET /images/img/11629/33.jpg HTTP/1.1" 200 385390
2017-10-24 17:43:49 [urllib3.connectionpool] DEBUG: Starting new HTTP connection (1): mtl.ttsqgs.com
2017-10-24 17:43:49 [urllib3.connectionpool] DEBUG: http://mtl.ttsqgs.com:80 "GET /images/img/11629/34.jpg HTTP/1.1" 200 340518
2017-10-24 17:43:49 [urllib3.connectionpool] DEBUG: Starting new HTTP connection (1): mtl.ttsqgs.com
2017-10-24 17:43:49 [urllib3.connectionpool] DEBUG: http://mtl.ttsqgs.com:80 "GET /images/img/11629/35.jpg HTTP/1.1" 200 318136
2017-10-24 17:43:49 [urllib3.connectionpool] DEBUG: Starting new HTTP connection (1): mtl.ttsqgs.com
2017-10-24 17:43:49 [urllib3.connectionpool] DEBUG: http://mtl.ttsqgs.com:80 "GET /images/img/11629/36.jpg HTTP/1.1" 200 315573
2017-10-24 17:43:50 [urllib3.connectionpool] DEBUG: Starting new HTTP connection (1): mtl.ttsqgs.com
2017-10-24 17:43:50 [urllib3.connectionpool] DEBUG: http://mtl.ttsqgs.com:80 "GET /images/img/11629/37.jpg HTTP/1.1" 200 376426
2017-10-24 17:43:51 [urllib3.connectionpool] DEBUG: Starting new HTTP connection (1): mtl.ttsqgs.com
2017-10-24 17:43:51 [urllib3.connectionpool] DEBUG: http://mtl.ttsqgs.com:80 "GET /images/img/11629/38.jpg HTTP/1.1" 200 394984
2017-10-24 17:43:52 [urllib3.connectionpool] DEBUG: Starting new HTTP connection (1): mtl.ttsqgs.com
2017-10-24 17:43:52 [urllib3.connectionpool] DEBUG: http://mtl.ttsqgs.com:80 "GET /images/img/11629/39.jpg HTTP/1.1" 200 503662
2017-10-24 17:43:53 [urllib3.connectionpool] DEBUG: Starting new HTTP connection (1): mtl.ttsqgs.com
2017-10-24 17:43:53 [urllib3.connectionpool] DEBUG: http://mtl.ttsqgs.com:80 "GET /images/img/11629/40.jpg HTTP/1.1" 200 531938
2017-10-24 17:43:54 [urllib3.connectionpool] DEBUG: Starting new HTTP connection (1): mtl.ttsqgs.com
2017-10-24 17:43:54 [urllib3.connectionpool] DEBUG: http://mtl.ttsqgs.com:80 "GET /images/img/11629/41.jpg HTTP/1.1" 200 429288
2017-10-24 17:43:55 [urllib3.connectionpool] DEBUG: Starting new HTTP connection (1): mtl.ttsqgs.com
2017-10-24 17:43:55 [urllib3.connectionpool] DEBUG: http://mtl.ttsqgs.com:80 "GET /images/img/11629/42.jpg HTTP/1.1" 200 482926
2017-10-24 17:43:56 [scrapy.core.scraper] DEBUG: Scraped from <200 https://www.meitulu.com/item/11629.html>
{'name': '[Beautyleg写真] No.1494 腿模Emma 美腿套图',
 'num': '42',
 'types': '港台美女',
 'url': 'http://mtl.ttsqgs.com/images/img/11629/1.jpg'}
2017-10-24 17:43:56 [urllib3.connectionpool] DEBUG: Starting new HTTP connection (1): mtl.ttsqgs.com
2017-10-24 17:43:56 [urllib3.connectionpool] DEBUG: http://mtl.ttsqgs.com:80 "GET /images/img/11834/0.jpg HTTP/1.1" 200 8850
2017-10-24 17:43:56 [urllib3.connectionpool] DEBUG: Starting new HTTP connection (1): mtl.ttsqgs.com
2017-10-24 17:43:56 [urllib3.connectionpool] DEBUG: http://mtl.ttsqgs.com:80 "GET /images/img/11834/1.jpg HTTP/1.1" 200 214220
2017-10-24 17:43:56 [urllib3.connectionpool] DEBUG: Starting new HTTP connection (1): mtl.ttsqgs.com
2017-10-24 17:43:56 [urllib3.connectionpool] DEBUG: http://mtl.ttsqgs.com:80 "GET /images/img/11834/2.jpg HTTP/1.1" 200 222955
2017-10-24 17:43:56 [urllib3.connectionpool] DEBUG: Starting new HTTP connection (1): mtl.ttsqgs.com
2017-10-24 17:43:56 [urllib3.connectionpool] DEBUG: http://mtl.ttsqgs.com:80 "GET /images/img/11834/3.jpg HTTP/1.1" 200 235193
2017-10-24 17:43:57 [urllib3.connectionpool] DEBUG: Starting new HTTP connection (1): mtl.ttsqgs.com
2017-10-24 17:43:57 [urllib3.connectionpool] DEBUG: http://mtl.ttsqgs.com:80 "GET /images/img/11834/4.jpg HTTP/1.1" 200 305527
2017-10-24 17:43:57 [urllib3.connectionpool] DEBUG: Starting new HTTP connection (1): mtl.ttsqgs.com
2017-10-24 17:43:57 [urllib3.connectionpool] DEBUG: http://mtl.ttsqgs.com:80 "GET /images/img/11834/5.jpg HTTP/1.1" 200 332151
2017-10-24 17:43:57 [urllib3.connectionpool] DEBUG: Starting new HTTP connection (1): mtl.ttsqgs.com
2017-10-24 17:43:57 [urllib3.connectionpool] DEBUG: http://mtl.ttsqgs.com:80 "GET /images/img/11834/6.jpg HTTP/1.1" 200 274275
2017-10-24 17:43:58 [urllib3.connectionpool] DEBUG: Starting new HTTP connection (1): mtl.ttsqgs.com
2017-10-24 17:43:58 [urllib3.connectionpool] DEBUG: http://mtl.ttsqgs.com:80 "GET /images/img/11834/7.jpg HTTP/1.1" 200 344490
2017-10-24 17:43:58 [urllib3.connectionpool] DEBUG: Starting new HTTP connection (1): mtl.ttsqgs.com
2017-10-24 17:43:58 [urllib3.connectionpool] DEBUG: http://mtl.ttsqgs.com:80 "GET /images/img/11834/8.jpg HTTP/1.1" 200 322441
2017-10-24 17:43:58 [urllib3.connectionpool] DEBUG: Starting new HTTP connection (1): mtl.ttsqgs.com
2017-10-24 17:43:58 [urllib3.connectionpool] DEBUG: http://mtl.ttsqgs.com:80 "GET /images/img/11834/9.jpg HTTP/1.1" 200 279536
2017-10-24 17:43:58 [urllib3.connectionpool] DEBUG: Starting new HTTP connection (1): mtl.ttsqgs.com
2017-10-24 17:43:58 [urllib3.connectionpool] DEBUG: http://mtl.ttsqgs.com:80 "GET /images/img/11834/10.jpg HTTP/1.1" 200 284373
2017-10-24 17:43:59 [urllib3.connectionpool] DEBUG: Starting new HTTP connection (1): mtl.ttsqgs.com
2017-10-24 17:43:59 [urllib3.connectionpool] DEBUG: http://mtl.ttsqgs.com:80 "GET /images/img/11834/11.jpg HTTP/1.1" 200 289460
2017-10-24 17:43:59 [urllib3.connectionpool] DEBUG: Starting new HTTP connection (1): mtl.ttsqgs.com
2017-10-24 17:43:59 [urllib3.connectionpool] DEBUG: http://mtl.ttsqgs.com:80 "GET /images/img/11834/12.jpg HTTP/1.1" 200 288312
2017-10-24 17:43:59 [urllib3.connectionpool] DEBUG: Starting new HTTP connection (1): mtl.ttsqgs.com
2017-10-24 17:44:00 [urllib3.connectionpool] DEBUG: http://mtl.ttsqgs.com:80 "GET /images/img/11834/13.jpg HTTP/1.1" 200 370776
2017-10-24 17:44:00 [urllib3.connectionpool] DEBUG: Starting new HTTP connection (1): mtl.ttsqgs.com
2017-10-24 17:44:00 [urllib3.connectionpool] DEBUG: http://mtl.ttsqgs.com:80 "GET /images/img/11834/14.jpg HTTP/1.1" 200 326916
2017-10-24 17:44:00 [urllib3.connectionpool] DEBUG: Starting new HTTP connection (1): mtl.ttsqgs.com
2017-10-24 17:44:00 [urllib3.connectionpool] DEBUG: http://mtl.ttsqgs.com:80 "GET /images/img/11834/15.jpg HTTP/1.1" 200 352250
2017-10-24 17:44:00 [urllib3.connectionpool] DEBUG: Starting new HTTP connection (1): mtl.ttsqgs.com
2017-10-24 17:44:01 [urllib3.connectionpool] DEBUG: http://mtl.ttsqgs.com:80 "GET /images/img/11834/16.jpg HTTP/1.1" 200 331136
2017-10-24 17:44:01 [urllib3.connectionpool] DEBUG: Starting new HTTP connection (1): mtl.ttsqgs.com
2017-10-24 17:44:01 [urllib3.connectionpool] DEBUG: http://mtl.ttsqgs.com:80 "GET /images/img/11834/17.jpg HTTP/1.1" 200 336868
2017-10-24 17:44:02 [urllib3.connectionpool] DEBUG: Starting new HTTP connection (1): mtl.ttsqgs.com
2017-10-24 17:44:02 [urllib3.connectionpool] DEBUG: http://mtl.ttsqgs.com:80 "GET /images/img/11834/18.jpg HTTP/1.1" 200 349564
2017-10-24 17:44:02 [urllib3.connectionpool] DEBUG: Starting new HTTP connection (1): mtl.ttsqgs.com
2017-10-24 17:44:02 [urllib3.connectionpool] DEBUG: http://mtl.ttsqgs.com:80 "GET /images/img/11834/19.jpg HTTP/1.1" 200 218789
2017-10-24 17:44:02 [urllib3.connectionpool] DEBUG: Starting new HTTP connection (1): mtl.ttsqgs.com
2017-10-24 17:44:02 [urllib3.connectionpool] DEBUG: http://mtl.ttsqgs.com:80 "GET /images/img/11834/20.jpg HTTP/1.1" 200 226123
2017-10-24 17:44:02 [urllib3.connectionpool] DEBUG: Starting new HTTP connection (1): mtl.ttsqgs.com
2017-10-24 17:44:02 [urllib3.connectionpool] DEBUG: http://mtl.ttsqgs.com:80 "GET /images/img/11834/21.jpg HTTP/1.1" 200 235752
2017-10-24 17:44:03 [urllib3.connectionpool] DEBUG: Starting new HTTP connection (1): mtl.ttsqgs.com
2017-10-24 17:44:03 [urllib3.connectionpool] DEBUG: http://mtl.ttsqgs.com:80 "GET /images/img/11834/22.jpg HTTP/1.1" 200 313175
2017-10-24 17:44:03 [urllib3.connectionpool] DEBUG: Starting new HTTP connection (1): mtl.ttsqgs.com
2017-10-24 17:44:03 [urllib3.connectionpool] DEBUG: http://mtl.ttsqgs.com:80 "GET /images/img/11834/23.jpg HTTP/1.1" 200 240909
2017-10-24 17:44:03 [urllib3.connectionpool] DEBUG: Starting new HTTP connection (1): mtl.ttsqgs.com
2017-10-24 17:44:03 [urllib3.connectionpool] DEBUG: http://mtl.ttsqgs.com:80 "GET /images/img/11834/24.jpg HTTP/1.1" 200 238056
2017-10-24 17:44:03 [urllib3.connectionpool] DEBUG: Starting new HTTP connection (1): mtl.ttsqgs.com
2017-10-24 17:44:03 [urllib3.connectionpool] DEBUG: http://mtl.ttsqgs.com:80 "GET /images/img/11834/25.jpg HTTP/1.1" 200 223556
2017-10-24 17:44:04 [urllib3.connectionpool] DEBUG: Starting new HTTP connection (1): mtl.ttsqgs.com
2017-10-24 17:44:04 [urllib3.connectionpool] DEBUG: http://mtl.ttsqgs.com:80 "GET /images/img/11834/26.jpg HTTP/1.1" 200 318663
2017-10-24 17:44:04 [urllib3.connectionpool] DEBUG: Starting new HTTP connection (1): mtl.ttsqgs.com
2017-10-24 17:44:04 [urllib3.connectionpool] DEBUG: http://mtl.ttsqgs.com:80 "GET /images/img/11834/27.jpg HTTP/1.1" 200 278417
2017-10-24 17:44:04 [urllib3.connectionpool] DEBUG: Starting new HTTP connection (1): mtl.ttsqgs.com
2017-10-24 17:44:04 [urllib3.connectionpool] DEBUG: http://mtl.ttsqgs.com:80 "GET /images/img/11834/28.jpg HTTP/1.1" 200 273906
2017-10-24 17:44:05 [urllib3.connectionpool] DEBUG: Starting new HTTP connection (1): mtl.ttsqgs.com
2017-10-24 17:44:05 [urllib3.connectionpool] DEBUG: http://mtl.ttsqgs.com:80 "GET /images/img/11834/29.jpg HTTP/1.1" 200 160759
2017-10-24 17:44:05 [urllib3.connectionpool] DEBUG: Starting new HTTP connection (1): mtl.ttsqgs.com
2017-10-24 17:44:05 [urllib3.connectionpool] DEBUG: http://mtl.ttsqgs.com:80 "GET /images/img/11834/30.jpg HTTP/1.1" 200 169710
2017-10-24 17:44:05 [urllib3.connectionpool] DEBUG: Starting new HTTP connection (1): mtl.ttsqgs.com
2017-10-24 17:44:05 [urllib3.connectionpool] DEBUG: http://mtl.ttsqgs.com:80 "GET /images/img/11834/31.jpg HTTP/1.1" 200 170410
2017-10-24 17:44:05 [urllib3.connectionpool] DEBUG: Starting new HTTP connection (1): mtl.ttsqgs.com
2017-10-24 17:44:05 [urllib3.connectionpool] DEBUG: http://mtl.ttsqgs.com:80 "GET /images/img/11834/32.jpg HTTP/1.1" 200 169470
2017-10-24 17:44:05 [urllib3.connectionpool] DEBUG: Starting new HTTP connection (1): mtl.ttsqgs.com
2017-10-24 17:44:05 [urllib3.connectionpool] DEBUG: http://mtl.ttsqgs.com:80 "GET /images/img/11834/33.jpg HTTP/1.1" 200 228218
2017-10-24 17:44:06 [urllib3.connectionpool] DEBUG: Starting new HTTP connection (1): mtl.ttsqgs.com
2017-10-24 17:44:06 [urllib3.connectionpool] DEBUG: http://mtl.ttsqgs.com:80 "GET /images/img/11834/34.jpg HTTP/1.1" 200 178618
2017-10-24 17:44:06 [urllib3.connectionpool] DEBUG: Starting new HTTP connection (1): mtl.ttsqgs.com
2017-10-24 17:44:06 [urllib3.connectionpool] DEBUG: http://mtl.ttsqgs.com:80 "GET /images/img/11834/35.jpg HTTP/1.1" 200 152920
2017-10-24 17:44:06 [urllib3.connectionpool] DEBUG: Starting new HTTP connection (1): mtl.ttsqgs.com
2017-10-24 17:44:06 [urllib3.connectionpool] DEBUG: http://mtl.ttsqgs.com:80 "GET /images/img/11834/36.jpg HTTP/1.1" 200 156788
2017-10-24 17:44:06 [urllib3.connectionpool] DEBUG: Starting new HTTP connection (1): mtl.ttsqgs.com
2017-10-24 17:44:06 [urllib3.connectionpool] DEBUG: http://mtl.ttsqgs.com:80 "GET /images/img/11834/37.jpg HTTP/1.1" 200 176621
2017-10-24 17:44:06 [urllib3.connectionpool] DEBUG: Starting new HTTP connection (1): mtl.ttsqgs.com
2017-10-24 17:44:06 [urllib3.connectionpool] DEBUG: http://mtl.ttsqgs.com:80 "GET /images/img/11834/38.jpg HTTP/1.1" 200 182839
2017-10-24 17:44:07 [urllib3.connectionpool] DEBUG: Starting new HTTP connection (1): mtl.ttsqgs.com
2017-10-24 17:44:07 [urllib3.connectionpool] DEBUG: http://mtl.ttsqgs.com:80 "GET /images/img/11834/39.jpg HTTP/1.1" 200 186485
2017-10-24 17:44:07 [urllib3.connectionpool] DEBUG: Starting new HTTP connection (1): mtl.ttsqgs.com
2017-10-24 17:44:07 [urllib3.connectionpool] DEBUG: http://mtl.ttsqgs.com:80 "GET /images/img/11834/40.jpg HTTP/1.1" 200 159344
2017-10-24 17:44:07 [urllib3.connectionpool] DEBUG: Starting new HTTP connection (1): mtl.ttsqgs.com
2017-10-24 17:44:07 [urllib3.connectionpool] DEBUG: http://mtl.ttsqgs.com:80 "GET /images/img/11834/41.jpg HTTP/1.1" 200 157029
2017-10-24 17:44:07 [urllib3.connectionpool] DEBUG: Starting new HTTP connection (1): mtl.ttsqgs.com
2017-10-24 17:44:07 [urllib3.connectionpool] DEBUG: http://mtl.ttsqgs.com:80 "GET /images/img/11834/42.jpg HTTP/1.1" 200 164328
2017-10-24 17:44:07 [urllib3.connectionpool] DEBUG: Starting new HTTP connection (1): mtl.ttsqgs.com
2017-10-24 17:44:07 [urllib3.connectionpool] DEBUG: http://mtl.ttsqgs.com:80 "GET /images/img/11834/43.jpg HTTP/1.1" 200 204333
2017-10-24 17:44:08 [scrapy.core.scraper] DEBUG: Scraped from <200 https://www.meitulu.com/item/11834.html>
{'name': '[花漾SHOW] VOL.001 陈秋雨 写真套图',
 'num': '43',
 'types': '国产美女',
 'url': 'http://mtl.ttsqgs.com/images/img/11834/1.jpg'}
2017-10-24 17:44:08 [scrapy_redis.dupefilter] DEBUG: Filtered duplicate request: <GET https://www.meitulu.com/gangtai/8.html>
2017-10-24 17:44:08 [scrapy_redis.dupefilter] DEBUG: Filtered duplicate request: <GET https://www.meitulu.com/gangtai/9.html>
2017-10-24 17:44:08 [scrapy_redis.dupefilter] DEBUG: Filtered duplicate request: <GET https://www.meitulu.com/rihan/8.html>
2017-10-24 17:44:08 [scrapy_redis.dupefilter] DEBUG: Filtered duplicate request: <GET https://www.meitulu.com/guochan/5.html>
2017-10-24 17:44:08 [scrapy_redis.dupefilter] DEBUG: Filtered duplicate request: <GET https://www.meitulu.com/guochan/5.html>
2017-10-24 17:44:08 [scrapy_redis.dupefilter] DEBUG: Filtered duplicate request: <GET https://www.meitulu.com/rihan/6.html>
2017-10-24 17:44:08 [scrapy_redis.dupefilter] DEBUG: Filtered duplicate request: <GET https://www.meitulu.com/guochan/11.html>
2017-10-24 17:44:08 [scrapy_redis.dupefilter] DEBUG: Filtered duplicate request: <GET https://www.meitulu.com/gangtai/5.html>
2017-10-24 17:44:08 [scrapy_redis.dupefilter] DEBUG: Filtered duplicate request: <GET https://www.meitulu.com/gangtai/9.html>
2017-10-24 17:44:08 [scrapy_redis.dupefilter] DEBUG: Filtered duplicate request: <GET https://www.meitulu.com/rihan/11.html>
2017-10-24 17:44:08 [scrapy_redis.dupefilter] DEBUG: Filtered duplicate request: <GET https://www.meitulu.com/rihan/12.html>
2017-10-24 17:44:08 [scrapy_redis.dupefilter] DEBUG: Filtered duplicate request: <GET https://www.meitulu.com/gangtai/10.html>
2017-10-24 17:44:08 [scrapy_redis.dupefilter] DEBUG: Filtered duplicate request: <GET https://www.meitulu.com/rihan/10.html>
2017-10-24 17:44:08 [scrapy_redis.dupefilter] DEBUG: Filtered duplicate request: <GET https://www.meitulu.com/item/11628.html>
2017-10-24 17:44:08 [scrapy_redis.dupefilter] DEBUG: Filtered duplicate request: <GET https://www.meitulu.com/gangtai/27.html>
2017-10-24 17:44:08 [scrapy_redis.dupefilter] DEBUG: Filtered duplicate request: <GET https://www.meitulu.com/guochan/103.html>
2017-10-24 17:44:08 [scrapy_redis.dupefilter] DEBUG: Filtered duplicate request: <GET https://www.meitulu.com/item/11826.html>
2017-10-24 17:44:08 [scrapy_redis.dupefilter] DEBUG: Filtered duplicate request: <GET https://www.meitulu.com/item/12146.html>
2017-10-24 17:44:09 [scrapy.core.engine] DEBUG: Crawled (200) <GET https://www.meitulu.com/item/11626.html> (referer: https://www.meitulu.com/gangtai/)
2017-10-24 17:44:09 [scrapy.core.engine] DEBUG: Crawled (200) <GET https://www.meitulu.com/item/11830.html> (referer: https://www.meitulu.com/guochan/)
2017-10-24 17:44:09 [scrapy.core.engine] DEBUG: Crawled (200) <GET https://www.meitulu.com/item/11831.html> (referer: https://www.meitulu.com/guochan/)
2017-10-24 17:44:09 [scrapy.core.engine] INFO: Closing spider (shutdown)
2017-10-24 17:44:09 [scrapy.extensions.logstats] INFO: Crawled 52 pages (at 52 pages/min), scraped 6 items (at 6 items/min)
2017-10-24 17:44:09 [scrapy_redis.dupefilter] DEBUG: Filtered duplicate request: <GET https://www.meitulu.com/gangtai/>
2017-10-24 17:44:09 [scrapy_redis.dupefilter] DEBUG: Filtered duplicate request: <GET https://www.meitulu.com/gangtai/>
2017-10-24 17:44:09 [urllib3.connectionpool] DEBUG: Starting new HTTP connection (1): mtl.ttsqgs.com
2017-10-24 17:44:09 [urllib3.connectionpool] DEBUG: http://mtl.ttsqgs.com:80 "GET /images/img/12151/0.jpg HTTP/1.1" 200 14088
2017-10-24 17:44:09 [urllib3.connectionpool] DEBUG: Starting new HTTP connection (1): mtl.ttsqgs.com
2017-10-24 17:44:09 [urllib3.connectionpool] DEBUG: http://mtl.ttsqgs.com:80 "GET /images/img/12151/1.jpg HTTP/1.1" 200 252024
2017-10-24 17:44:09 [urllib3.connectionpool] DEBUG: Starting new HTTP connection (1): mtl.ttsqgs.com
2017-10-24 17:44:09 [urllib3.connectionpool] DEBUG: http://mtl.ttsqgs.com:80 "GET /images/img/12151/2.jpg HTTP/1.1" 200 393423
2017-10-24 17:44:10 [urllib3.connectionpool] DEBUG: Starting new HTTP connection (1): mtl.ttsqgs.com
2017-10-24 17:44:10 [urllib3.connectionpool] DEBUG: http://mtl.ttsqgs.com:80 "GET /images/img/12151/3.jpg HTTP/1.1" 200 206857
2017-10-24 17:44:10 [urllib3.connectionpool] DEBUG: Starting new HTTP connection (1): mtl.ttsqgs.com
2017-10-24 17:44:10 [urllib3.connectionpool] DEBUG: http://mtl.ttsqgs.com:80 "GET /images/img/12151/4.jpg HTTP/1.1" 200 249041
2017-10-24 17:44:10 [urllib3.connectionpool] DEBUG: Starting new HTTP connection (1): mtl.ttsqgs.com
2017-10-24 17:44:10 [urllib3.connectionpool] DEBUG: http://mtl.ttsqgs.com:80 "GET /images/img/12151/5.jpg HTTP/1.1" 200 179348
2017-10-24 17:44:10 [urllib3.connectionpool] DEBUG: Starting new HTTP connection (1): mtl.ttsqgs.com
2017-10-24 17:44:10 [urllib3.connectionpool] DEBUG: http://mtl.ttsqgs.com:80 "GET /images/img/12151/6.jpg HTTP/1.1" 200 275956
2017-10-24 17:44:10 [urllib3.connectionpool] DEBUG: Starting new HTTP connection (1): mtl.ttsqgs.com
2017-10-24 17:44:11 [urllib3.connectionpool] DEBUG: http://mtl.ttsqgs.com:80 "GET /images/img/12151/7.jpg HTTP/1.1" 200 181483
2017-10-24 17:44:11 [urllib3.connectionpool] DEBUG: Starting new HTTP connection (1): mtl.ttsqgs.com
2017-10-24 17:44:11 [urllib3.connectionpool] DEBUG: http://mtl.ttsqgs.com:80 "GET /images/img/12151/8.jpg HTTP/1.1" 200 164195
